This file contains any messages produced by compilers while
running configure, to aid debugging if configure makes a mistake.

It was created by scamper configure 20111202c, which was
generated by GNU Autoconf 2.69.  Invocation command line was

  $ ./configure 

## --------- ##
## Platform. ##
## --------- ##

hostname = cognac
uname -m = i686
uname -r = 3.0.0-32-generic
uname -s = Linux
uname -v = #51-Ubuntu SMP Thu Mar 21 15:51:26 UTC 2013

/usr/bin/uname -p = unknown
/bin/uname -X     = unknown

/bin/arch              = unknown
/usr/bin/arch -k       = unknown
/usr/convex/getsysinfo = unknown
/usr/bin/hostinfo      = unknown
/bin/machine           = unknown
/usr/bin/oslevel       = unknown
/bin/universe          = unknown

PATH: /home/shinglee/Research/Blink/scala-2.9.2/bin
PATH: /home/shinglee/bin
PATH: /usr/local/sbin
PATH: /usr/local/bin
PATH: /usr/sbin
PATH: /usr/bin
PATH: /sbin
PATH: /bin
PATH: /usr/games
PATH: /usr/bin
PATH: /bin
PATH: /bin
PATH: /bin
PATH: /usr/bin
PATH: /bin
PATH: /home/shinglee/Research/BlinkDB/scala-2.9.2/bin
PATH: /usr/lib/jvm/java-6-sun-1.6.0.30/bin


## ----------- ##
## Core tests. ##
## ----------- ##

configure:2510: checking for a BSD-compatible install
configure:2578: result: /usr/bin/install -c
configure:2589: checking whether build environment is sane
configure:2644: result: yes
configure:2795: checking for a thread-safe mkdir -p
configure:2834: result: /bin/mkdir -p
configure:2847: checking for gawk
configure:2877: result: no
configure:2847: checking for mawk
configure:2863: found /usr/bin/mawk
configure:2874: result: mawk
configure:2885: checking whether make sets $(MAKE)
configure:2907: result: yes
configure:3019: checking build system type
configure:3033: result: i686-pc-linux-gnu
configure:3053: checking host system type
configure:3066: result: i686-pc-linux-gnu
configure:3107: checking how to print strings
configure:3134: result: printf
configure:3167: checking for style of include used by make
configure:3195: result: GNU
configure:3266: checking for gcc
configure:3282: found /usr/bin/gcc
configure:3293: result: gcc
configure:3522: checking for C compiler version
configure:3531: gcc --version >&5
gcc (Ubuntu/Linaro 4.6.1-9ubuntu3) 4.6.1
Copyright (C) 2011 Free Software Foundation, Inc.
This is free software; see the source for copying conditions.  There is NO
warranty; not even for MERCHANTABILITY or FITNESS FOR A PARTICULAR PURPOSE.

configure:3542: $? = 0
configure:3531: gcc -v >&5
Using built-in specs.
COLLECT_GCC=gcc
COLLECT_LTO_WRAPPER=/usr/lib/gcc/i686-linux-gnu/4.6.1/lto-wrapper
Target: i686-linux-gnu
Configured with: ../src/configure -v --with-pkgversion='Ubuntu/Linaro 4.6.1-9ubuntu3' --with-bugurl=file:///usr/share/doc/gcc-4.6/README.Bugs --enable-languages=c,c++,fortran,objc,obj-c++,go --prefix=/usr --program-suffix=-4.6 --enable-shared --enable-linker-build-id --with-system-zlib --libexecdir=/usr/lib --without-included-gettext --enable-threads=posix --with-gxx-include-dir=/usr/include/c++/4.6 --libdir=/usr/lib --enable-nls --with-sysroot=/ --enable-clocale=gnu --enable-libstdcxx-debug --enable-libstdcxx-time=yes --enable-plugin --enable-objc-gc --enable-targets=all --disable-werror --with-arch-32=i686 --with-tune=generic --enable-checking=release --build=i686-linux-gnu --host=i686-linux-gnu --target=i686-linux-gnu
Thread model: posix
gcc version 4.6.1 (Ubuntu/Linaro 4.6.1-9ubuntu3) 
configure:3542: $? = 0
configure:3531: gcc -V >&5
gcc: error: unrecognized option '-V'
gcc: fatal error: no input files
compilation terminated.
configure:3542: $? = 4
configure:3531: gcc -qversion >&5
gcc: error: unrecognized option '-qversion'
gcc: fatal error: no input files
compilation terminated.
configure:3542: $? = 4
configure:3562: checking whether the C compiler works
configure:3584: gcc    conftest.c  >&5
configure:3588: $? = 0
configure:3636: result: yes
configure:3639: checking for C compiler default output file name
configure:3641: result: a.out
configure:3647: checking for suffix of executables
configure:3654: gcc -o conftest    conftest.c  >&5
configure:3658: $? = 0
configure:3680: result: 
configure:3702: checking whether we are cross compiling
configure:3710: gcc -o conftest    conftest.c  >&5
configure:3714: $? = 0
configure:3721: ./conftest
configure:3725: $? = 0
configure:3740: result: no
configure:3745: checking for suffix of object files
configure:3767: gcc -c   conftest.c >&5
configure:3771: $? = 0
configure:3792: result: o
configure:3796: checking whether we are using the GNU C compiler
configure:3815: gcc -c   conftest.c >&5
configure:3815: $? = 0
configure:3824: result: yes
configure:3833: checking whether gcc accepts -g
configure:3853: gcc -c -g  conftest.c >&5
configure:3853: $? = 0
configure:3894: result: yes
configure:3911: checking for gcc option to accept ISO C89
configure:3974: gcc  -c -g -O2  conftest.c >&5
configure:3974: $? = 0
configure:3987: result: none needed
configure:4009: checking dependency style of gcc
configure:4120: result: gcc3
configure:4135: checking for a sed that does not truncate output
configure:4199: result: /bin/sed
configure:4217: checking for grep that handles long lines and -e
configure:4275: result: /bin/grep
configure:4280: checking for egrep
configure:4342: result: /bin/grep -E
configure:4347: checking for fgrep
configure:4409: result: /bin/grep -F
configure:4444: checking for ld used by gcc
configure:4511: result: /usr/bin/ld
configure:4518: checking if the linker (/usr/bin/ld) is GNU ld
configure:4533: result: yes
configure:4545: checking for BSD- or MS-compatible name lister (nm)
configure:4594: result: /usr/bin/nm -B
configure:4724: checking the name lister (/usr/bin/nm -B) interface
configure:4731: gcc -c -g -O2  conftest.c >&5
configure:4734: /usr/bin/nm -B "conftest.o"
configure:4737: output
00000000 B some_variable
configure:4744: result: BSD nm
configure:4747: checking whether ln -s works
configure:4751: result: yes
configure:4759: checking the maximum length of command line arguments
configure:4889: result: 1572864
configure:4906: checking whether the shell understands some XSI constructs
configure:4916: result: yes
configure:4920: checking whether the shell understands "+="
configure:4926: result: yes
configure:4961: checking how to convert i686-pc-linux-gnu file names to i686-pc-linux-gnu format
configure:5001: result: func_convert_file_noop
configure:5008: checking how to convert i686-pc-linux-gnu file names to toolchain format
configure:5028: result: func_convert_file_noop
configure:5035: checking for /usr/bin/ld option to reload object files
configure:5042: result: -r
configure:5116: checking for objdump
configure:5132: found /usr/bin/objdump
configure:5143: result: objdump
configure:5175: checking how to recognize dependent libraries
configure:5377: result: pass_all
configure:5462: checking for dlltool
configure:5492: result: no
configure:5522: checking how to associate runtime and link libraries
configure:5549: result: printf %s\n
configure:5610: checking for ar
configure:5626: found /usr/bin/ar
configure:5637: result: ar
configure:5674: checking for archiver @FILE support
configure:5691: gcc -c -g -O2  conftest.c >&5
configure:5691: $? = 0
configure:5694: ar cru libconftest.a @conftest.lst >&5
configure:5697: $? = 0
configure:5702: ar cru libconftest.a @conftest.lst >&5
ar: conftest.o: No such file or directory
configure:5705: $? = 1
configure:5717: result: @
configure:5775: checking for strip
configure:5791: found /usr/bin/strip
configure:5802: result: strip
configure:5874: checking for ranlib
configure:5890: found /usr/bin/ranlib
configure:5901: result: ranlib
configure:6003: checking command to parse /usr/bin/nm -B output from gcc object
configure:6123: gcc -c -g -O2  conftest.c >&5
configure:6126: $? = 0
configure:6130: /usr/bin/nm -B conftest.o \| sed -n -e 's/^.*[ ]\([ABCDGIRSTW][ABCDGIRSTW]*\)[ ][ ]*\([_A-Za-z][_A-Za-z0-9]*\)$/\1 \2 \2/p' | sed '/ __gnu_lto/d' \> conftest.nm
configure:6133: $? = 0
configure:6199: gcc -o conftest -g -O2   conftest.c conftstm.o >&5
configure:6202: $? = 0
configure:6240: result: ok
configure:6277: checking for sysroot
configure:6307: result: no
configure:6563: checking for mt
configure:6579: found /bin/mt
configure:6590: result: mt
configure:6613: checking if mt is a manifest tool
configure:6619: mt '-?'
configure:6627: result: no
configure:7269: checking how to run the C preprocessor
configure:7300: gcc -E  conftest.c
configure:7300: $? = 0
configure:7314: gcc -E  conftest.c
conftest.c:11:28: fatal error: ac_nonexistent.h: No such file or directory
compilation terminated.
configure:7314: $? = 1
configure: failed program was:
| /* confdefs.h */
| #define PACKAGE_NAME "scamper"
| #define PACKAGE_TARNAME "scamper"
| #define PACKAGE_VERSION "20111202c"
| #define PACKAGE_STRING "scamper 20111202c"
| #define PACKAGE_BUGREPORT "mjl@luckie.org.nz"
| #define PACKAGE_URL ""
| #define PACKAGE "scamper"
| #define VERSION "20111202c"
| /* end confdefs.h.  */
| #include <ac_nonexistent.h>
configure:7339: result: gcc -E
configure:7359: gcc -E  conftest.c
configure:7359: $? = 0
configure:7373: gcc -E  conftest.c
conftest.c:11:28: fatal error: ac_nonexistent.h: No such file or directory
compilation terminated.
configure:7373: $? = 1
configure: failed program was:
| /* confdefs.h */
| #define PACKAGE_NAME "scamper"
| #define PACKAGE_TARNAME "scamper"
| #define PACKAGE_VERSION "20111202c"
| #define PACKAGE_STRING "scamper 20111202c"
| #define PACKAGE_BUGREPORT "mjl@luckie.org.nz"
| #define PACKAGE_URL ""
| #define PACKAGE "scamper"
| #define VERSION "20111202c"
| /* end confdefs.h.  */
| #include <ac_nonexistent.h>
configure:7402: checking for ANSI C header files
configure:7422: gcc -c -g -O2  conftest.c >&5
configure:7422: $? = 0
configure:7495: gcc -o conftest -g -O2   conftest.c  >&5
configure:7495: $? = 0
configure:7495: ./conftest
configure:7495: $? = 0
configure:7506: result: yes
configure:7519: checking for sys/types.h
configure:7519: gcc -c -g -O2  conftest.c >&5
configure:7519: $? = 0
configure:7519: result: yes
configure:7519: checking for sys/stat.h
configure:7519: gcc -c -g -O2  conftest.c >&5
configure:7519: $? = 0
configure:7519: result: yes
configure:7519: checking for stdlib.h
configure:7519: gcc -c -g -O2  conftest.c >&5
configure:7519: $? = 0
configure:7519: result: yes
configure:7519: checking for string.h
configure:7519: gcc -c -g -O2  conftest.c >&5
configure:7519: $? = 0
configure:7519: result: yes
configure:7519: checking for memory.h
configure:7519: gcc -c -g -O2  conftest.c >&5
configure:7519: $? = 0
configure:7519: result: yes
configure:7519: checking for strings.h
configure:7519: gcc -c -g -O2  conftest.c >&5
configure:7519: $? = 0
configure:7519: result: yes
configure:7519: checking for inttypes.h
configure:7519: gcc -c -g -O2  conftest.c >&5
configure:7519: $? = 0
configure:7519: result: yes
configure:7519: checking for stdint.h
configure:7519: gcc -c -g -O2  conftest.c >&5
configure:7519: $? = 0
configure:7519: result: yes
configure:7519: checking for unistd.h
configure:7519: gcc -c -g -O2  conftest.c >&5
configure:7519: $? = 0
configure:7519: result: yes
configure:7533: checking for dlfcn.h
configure:7533: gcc -c -g -O2  conftest.c >&5
configure:7533: $? = 0
configure:7533: result: yes
configure:7739: checking for objdir
configure:7754: result: .libs
configure:8021: checking if gcc supports -fno-rtti -fno-exceptions
configure:8039: gcc -c -g -O2  -fno-rtti -fno-exceptions conftest.c >&5
cc1: warning: command line option '-fno-rtti' is valid for C++/ObjC++ but not for C [enabled by default]
configure:8043: $? = 0
configure:8056: result: no
configure:8383: checking for gcc option to produce PIC
configure:8390: result: -fPIC -DPIC
configure:8398: checking if gcc PIC flag -fPIC -DPIC works
configure:8416: gcc -c -g -O2  -fPIC -DPIC -DPIC conftest.c >&5
configure:8420: $? = 0
configure:8433: result: yes
configure:8462: checking if gcc static flag -static works
configure:8490: result: yes
configure:8505: checking if gcc supports -c -o file.o
configure:8526: gcc -c -g -O2  -o out/conftest2.o conftest.c >&5
configure:8530: $? = 0
configure:8552: result: yes
configure:8560: checking if gcc supports -c -o file.o
configure:8607: result: yes
configure:8640: checking whether the gcc linker (/usr/bin/ld) supports shared libraries
configure:9793: result: yes
configure:9830: checking whether -lc should be explicitly linked in
configure:9838: gcc -c -g -O2  conftest.c >&5
configure:9841: $? = 0
configure:9856: gcc -shared  -fPIC -DPIC conftest.o  -v -Wl,-soname -Wl,conftest -o conftest 2\>\&1 \| /bin/grep  -lc  \>/dev/null 2\>\&1
configure:9859: $? = 0
configure:9873: result: no
configure:10033: checking dynamic linker characteristics
configure:10544: gcc -o conftest -g -O2   -Wl,-rpath -Wl,/foo conftest.c  >&5
configure:10544: $? = 0
configure:10766: result: GNU/Linux ld.so
configure:10873: checking how to hardcode library paths into programs
configure:10898: result: immediate
configure:11438: checking whether stripping libraries is possible
configure:11443: result: yes
configure:11478: checking if libtool supports shared libraries
configure:11480: result: yes
configure:11483: checking whether to build shared libraries
configure:11504: result: yes
configure:11507: checking whether to build static libraries
configure:11511: result: yes
configure:11596: checking for gcc
configure:11623: result: gcc
configure:11852: checking for C compiler version
configure:11861: gcc --version >&5
gcc (Ubuntu/Linaro 4.6.1-9ubuntu3) 4.6.1
Copyright (C) 2011 Free Software Foundation, Inc.
This is free software; see the source for copying conditions.  There is NO
warranty; not even for MERCHANTABILITY or FITNESS FOR A PARTICULAR PURPOSE.

configure:11872: $? = 0
configure:11861: gcc -v >&5
Using built-in specs.
COLLECT_GCC=gcc
COLLECT_LTO_WRAPPER=/usr/lib/gcc/i686-linux-gnu/4.6.1/lto-wrapper
Target: i686-linux-gnu
Configured with: ../src/configure -v --with-pkgversion='Ubuntu/Linaro 4.6.1-9ubuntu3' --with-bugurl=file:///usr/share/doc/gcc-4.6/README.Bugs --enable-languages=c,c++,fortran,objc,obj-c++,go --prefix=/usr --program-suffix=-4.6 --enable-shared --enable-linker-build-id --with-system-zlib --libexecdir=/usr/lib --without-included-gettext --enable-threads=posix --with-gxx-include-dir=/usr/include/c++/4.6 --libdir=/usr/lib --enable-nls --with-sysroot=/ --enable-clocale=gnu --enable-libstdcxx-debug --enable-libstdcxx-time=yes --enable-plugin --enable-objc-gc --enable-targets=all --disable-werror --with-arch-32=i686 --with-tune=generic --enable-checking=release --build=i686-linux-gnu --host=i686-linux-gnu --target=i686-linux-gnu
Thread model: posix
gcc version 4.6.1 (Ubuntu/Linaro 4.6.1-9ubuntu3) 
configure:11872: $? = 0
configure:11861: gcc -V >&5
gcc: error: unrecognized option '-V'
gcc: fatal error: no input files
compilation terminated.
configure:11872: $? = 4
configure:11861: gcc -qversion >&5
gcc: error: unrecognized option '-qversion'
gcc: fatal error: no input files
compilation terminated.
configure:11872: $? = 4
configure:11876: checking whether we are using the GNU C compiler
configure:11904: result: yes
configure:11913: checking whether gcc accepts -g
configure:11974: result: yes
configure:11991: checking for gcc option to accept ISO C89
configure:12067: result: none needed
configure:12089: checking dependency style of gcc
configure:12200: result: gcc3
configure:12216: checking whether gcc needs -traditional
configure:12250: result: no
configure:12432: checking for GetIpNetTable in -liphlpapi
configure:12457: gcc -o conftest -g -O2 -I/usr/local/include   -L/usr/local/lib conftest.c -liphlpapi   >&5
/usr/bin/ld: cannot find -liphlpapi
collect2: ld returned 1 exit status
configure:12457: $? = 1
configure: failed program was:
| /* confdefs.h */
| #define PACKAGE_NAME "scamper"
| #define PACKAGE_TARNAME "scamper"
| #define PACKAGE_VERSION "20111202c"
| #define PACKAGE_STRING "scamper 20111202c"
| #define PACKAGE_BUGREPORT "mjl@luckie.org.nz"
| #define PACKAGE_URL ""
| #define PACKAGE "scamper"
| #define VERSION "20111202c"
| #define STDC_HEADERS 1
| #define HAVE_SYS_TYPES_H 1
| #define HAVE_SYS_STAT_H 1
| #define HAVE_STDLIB_H 1
| #define HAVE_STRING_H 1
| #define HAVE_MEMORY_H 1
| #define HAVE_STRINGS_H 1
| #define HAVE_INTTYPES_H 1
| #define HAVE_STDINT_H 1
| #define HAVE_UNISTD_H 1
| #define HAVE_DLFCN_H 1
| #define LT_OBJDIR ".libs/"
| #define NDEBUG 1
| #define PRIVSEP_USER "nobody"
| #define PRIVSEP_DIR "/var/empty"
| #define PRIVSEP_DIR_USER "root"
| #define PRIVSEP_DIR_GROUP "wheel"
| /* end confdefs.h.  */
| 
| /* Override any GCC internal prototype to avoid an error.
|    Use char because int might match the return type of a GCC
|    builtin and then its argument prototype would still apply.  */
| #ifdef __cplusplus
| extern "C"
| #endif
| char GetIpNetTable ();
| int
| main ()
| {
| return GetIpNetTable ();
|   ;
|   return 0;
| }
configure:12466: result: no
configure:12477: checking for WSAStartup in -lws2_32
configure:12502: gcc -o conftest -g -O2 -I/usr/local/include   -L/usr/local/lib conftest.c -lws2_32   >&5
/usr/bin/ld: cannot find -lws2_32
collect2: ld returned 1 exit status
configure:12502: $? = 1
configure: failed program was:
| /* confdefs.h */
| #define PACKAGE_NAME "scamper"
| #define PACKAGE_TARNAME "scamper"
| #define PACKAGE_VERSION "20111202c"
| #define PACKAGE_STRING "scamper 20111202c"
| #define PACKAGE_BUGREPORT "mjl@luckie.org.nz"
| #define PACKAGE_URL ""
| #define PACKAGE "scamper"
| #define VERSION "20111202c"
| #define STDC_HEADERS 1
| #define HAVE_SYS_TYPES_H 1
| #define HAVE_SYS_STAT_H 1
| #define HAVE_STDLIB_H 1
| #define HAVE_STRING_H 1
| #define HAVE_MEMORY_H 1
| #define HAVE_STRINGS_H 1
| #define HAVE_INTTYPES_H 1
| #define HAVE_STDINT_H 1
| #define HAVE_UNISTD_H 1
| #define HAVE_DLFCN_H 1
| #define LT_OBJDIR ".libs/"
| #define NDEBUG 1
| #define PRIVSEP_USER "nobody"
| #define PRIVSEP_DIR "/var/empty"
| #define PRIVSEP_DIR_USER "root"
| #define PRIVSEP_DIR_GROUP "wheel"
| /* end confdefs.h.  */
| 
| /* Override any GCC internal prototype to avoid an error.
|    Use char because int might match the return type of a GCC
|    builtin and then its argument prototype would still apply.  */
| #ifdef __cplusplus
| extern "C"
| #endif
| char WSAStartup ();
| int
| main ()
| {
| return WSAStartup ();
|   ;
|   return 0;
| }
configure:12511: result: no
configure:12524: checking for ANSI C header files
configure:12628: result: yes
configure:12636: checking for sys/wait.h that is POSIX.1 compatible
configure:12662: gcc -c -g -O2 -I/usr/local/include  conftest.c >&5
configure:12662: $? = 0
configure:12669: result: yes
configure:12677: checking whether time.h and sys/time.h may both be included
configure:12697: gcc -c -g -O2 -I/usr/local/include  conftest.c >&5
configure:12697: $? = 0
configure:12704: result: yes
configure:12714: checking arpa/inet.h usability
configure:12714: gcc -c -g -O2 -I/usr/local/include  conftest.c >&5
configure:12714: $? = 0
configure:12714: result: yes
configure:12714: checking arpa/inet.h presence
configure:12714: gcc -E  conftest.c
configure:12714: $? = 0
configure:12714: result: yes
configure:12714: checking for arpa/inet.h
configure:12714: result: yes
configure:12726: checking fcntl.h usability
configure:12726: gcc -c -g -O2 -I/usr/local/include  conftest.c >&5
configure:12726: $? = 0
configure:12726: result: yes
configure:12726: checking fcntl.h presence
configure:12726: gcc -E  conftest.c
configure:12726: $? = 0
configure:12726: result: yes
configure:12726: checking for fcntl.h
configure:12726: result: yes
configure:12738: checking limits.h usability
configure:12738: gcc -c -g -O2 -I/usr/local/include  conftest.c >&5
configure:12738: $? = 0
configure:12738: result: yes
configure:12738: checking limits.h presence
configure:12738: gcc -E  conftest.c
configure:12738: $? = 0
configure:12738: result: yes
configure:12738: checking for limits.h
configure:12738: result: yes
configure:12750: checking netdb.h usability
configure:12750: gcc -c -g -O2 -I/usr/local/include  conftest.c >&5
configure:12750: $? = 0
configure:12750: result: yes
configure:12750: checking netdb.h presence
configure:12750: gcc -E  conftest.c
configure:12750: $? = 0
configure:12750: result: yes
configure:12750: checking for netdb.h
configure:12750: result: yes
configure:12762: checking net/if_dl.h usability
configure:12762: gcc -c -g -O2 -I/usr/local/include  conftest.c >&5
conftest.c:68:23: fatal error: net/if_dl.h: No such file or directory
compilation terminated.
configure:12762: $? = 1
configure: failed program was:
| /* confdefs.h */
| #define PACKAGE_NAME "scamper"
| #define PACKAGE_TARNAME "scamper"
| #define PACKAGE_VERSION "20111202c"
| #define PACKAGE_STRING "scamper 20111202c"
| #define PACKAGE_BUGREPORT "mjl@luckie.org.nz"
| #define PACKAGE_URL ""
| #define PACKAGE "scamper"
| #define VERSION "20111202c"
| #define STDC_HEADERS 1
| #define HAVE_SYS_TYPES_H 1
| #define HAVE_SYS_STAT_H 1
| #define HAVE_STDLIB_H 1
| #define HAVE_STRING_H 1
| #define HAVE_MEMORY_H 1
| #define HAVE_STRINGS_H 1
| #define HAVE_INTTYPES_H 1
| #define HAVE_STDINT_H 1
| #define HAVE_UNISTD_H 1
| #define HAVE_DLFCN_H 1
| #define LT_OBJDIR ".libs/"
| #define NDEBUG 1
| #define PRIVSEP_USER "nobody"
| #define PRIVSEP_DIR "/var/empty"
| #define PRIVSEP_DIR_USER "root"
| #define PRIVSEP_DIR_GROUP "wheel"
| #define STDC_HEADERS 1
| #define HAVE_SYS_WAIT_H 1
| #define TIME_WITH_SYS_TIME 1
| #define HAVE_ARPA_INET_H 1
| #define HAVE_FCNTL_H 1
| #define HAVE_LIMITS_H 1
| #define HAVE_NETDB_H 1
| /* end confdefs.h.  */
| #include <stdio.h>
| #ifdef HAVE_SYS_TYPES_H
| # include <sys/types.h>
| #endif
| #ifdef HAVE_SYS_STAT_H
| # include <sys/stat.h>
| #endif
| #ifdef STDC_HEADERS
| # include <stdlib.h>
| # include <stddef.h>
| #else
| # ifdef HAVE_STDLIB_H
| #  include <stdlib.h>
| # endif
| #endif
| #ifdef HAVE_STRING_H
| # if !defined STDC_HEADERS && defined HAVE_MEMORY_H
| #  include <memory.h>
| # endif
| # include <string.h>
| #endif
| #ifdef HAVE_STRINGS_H
| # include <strings.h>
| #endif
| #ifdef HAVE_INTTYPES_H
| # include <inttypes.h>
| #endif
| #ifdef HAVE_STDINT_H
| # include <stdint.h>
| #endif
| #ifdef HAVE_UNISTD_H
| # include <unistd.h>
| #endif
| #include <net/if_dl.h>
configure:12762: result: no
configure:12762: checking net/if_dl.h presence
configure:12762: gcc -E  conftest.c
conftest.c:35:23: fatal error: net/if_dl.h: No such file or directory
compilation terminated.
configure:12762: $? = 1
configure: failed program was:
| /* confdefs.h */
| #define PACKAGE_NAME "scamper"
| #define PACKAGE_TARNAME "scamper"
| #define PACKAGE_VERSION "20111202c"
| #define PACKAGE_STRING "scamper 20111202c"
| #define PACKAGE_BUGREPORT "mjl@luckie.org.nz"
| #define PACKAGE_URL ""
| #define PACKAGE "scamper"
| #define VERSION "20111202c"
| #define STDC_HEADERS 1
| #define HAVE_SYS_TYPES_H 1
| #define HAVE_SYS_STAT_H 1
| #define HAVE_STDLIB_H 1
| #define HAVE_STRING_H 1
| #define HAVE_MEMORY_H 1
| #define HAVE_STRINGS_H 1
| #define HAVE_INTTYPES_H 1
| #define HAVE_STDINT_H 1
| #define HAVE_UNISTD_H 1
| #define HAVE_DLFCN_H 1
| #define LT_OBJDIR ".libs/"
| #define NDEBUG 1
| #define PRIVSEP_USER "nobody"
| #define PRIVSEP_DIR "/var/empty"
| #define PRIVSEP_DIR_USER "root"
| #define PRIVSEP_DIR_GROUP "wheel"
| #define STDC_HEADERS 1
| #define HAVE_SYS_WAIT_H 1
| #define TIME_WITH_SYS_TIME 1
| #define HAVE_ARPA_INET_H 1
| #define HAVE_FCNTL_H 1
| #define HAVE_LIMITS_H 1
| #define HAVE_NETDB_H 1
| /* end confdefs.h.  */
| #include <net/if_dl.h>
configure:12762: result: no
configure:12762: checking for net/if_dl.h
configure:12762: result: no
configure:12774: checking net/if_types.h usability
configure:12774: gcc -c -g -O2 -I/usr/local/include  conftest.c >&5
conftest.c:68:26: fatal error: net/if_types.h: No such file or directory
compilation terminated.
configure:12774: $? = 1
configure: failed program was:
| /* confdefs.h */
| #define PACKAGE_NAME "scamper"
| #define PACKAGE_TARNAME "scamper"
| #define PACKAGE_VERSION "20111202c"
| #define PACKAGE_STRING "scamper 20111202c"
| #define PACKAGE_BUGREPORT "mjl@luckie.org.nz"
| #define PACKAGE_URL ""
| #define PACKAGE "scamper"
| #define VERSION "20111202c"
| #define STDC_HEADERS 1
| #define HAVE_SYS_TYPES_H 1
| #define HAVE_SYS_STAT_H 1
| #define HAVE_STDLIB_H 1
| #define HAVE_STRING_H 1
| #define HAVE_MEMORY_H 1
| #define HAVE_STRINGS_H 1
| #define HAVE_INTTYPES_H 1
| #define HAVE_STDINT_H 1
| #define HAVE_UNISTD_H 1
| #define HAVE_DLFCN_H 1
| #define LT_OBJDIR ".libs/"
| #define NDEBUG 1
| #define PRIVSEP_USER "nobody"
| #define PRIVSEP_DIR "/var/empty"
| #define PRIVSEP_DIR_USER "root"
| #define PRIVSEP_DIR_GROUP "wheel"
| #define STDC_HEADERS 1
| #define HAVE_SYS_WAIT_H 1
| #define TIME_WITH_SYS_TIME 1
| #define HAVE_ARPA_INET_H 1
| #define HAVE_FCNTL_H 1
| #define HAVE_LIMITS_H 1
| #define HAVE_NETDB_H 1
| /* end confdefs.h.  */
| #include <stdio.h>
| #ifdef HAVE_SYS_TYPES_H
| # include <sys/types.h>
| #endif
| #ifdef HAVE_SYS_STAT_H
| # include <sys/stat.h>
| #endif
| #ifdef STDC_HEADERS
| # include <stdlib.h>
| # include <stddef.h>
| #else
| # ifdef HAVE_STDLIB_H
| #  include <stdlib.h>
| # endif
| #endif
| #ifdef HAVE_STRING_H
| # if !defined STDC_HEADERS && defined HAVE_MEMORY_H
| #  include <memory.h>
| # endif
| # include <string.h>
| #endif
| #ifdef HAVE_STRINGS_H
| # include <strings.h>
| #endif
| #ifdef HAVE_INTTYPES_H
| # include <inttypes.h>
| #endif
| #ifdef HAVE_STDINT_H
| # include <stdint.h>
| #endif
| #ifdef HAVE_UNISTD_H
| # include <unistd.h>
| #endif
| #include <net/if_types.h>
configure:12774: result: no
configure:12774: checking net/if_types.h presence
configure:12774: gcc -E  conftest.c
conftest.c:35:26: fatal error: net/if_types.h: No such file or directory
compilation terminated.
configure:12774: $? = 1
configure: failed program was:
| /* confdefs.h */
| #define PACKAGE_NAME "scamper"
| #define PACKAGE_TARNAME "scamper"
| #define PACKAGE_VERSION "20111202c"
| #define PACKAGE_STRING "scamper 20111202c"
| #define PACKAGE_BUGREPORT "mjl@luckie.org.nz"
| #define PACKAGE_URL ""
| #define PACKAGE "scamper"
| #define VERSION "20111202c"
| #define STDC_HEADERS 1
| #define HAVE_SYS_TYPES_H 1
| #define HAVE_SYS_STAT_H 1
| #define HAVE_STDLIB_H 1
| #define HAVE_STRING_H 1
| #define HAVE_MEMORY_H 1
| #define HAVE_STRINGS_H 1
| #define HAVE_INTTYPES_H 1
| #define HAVE_STDINT_H 1
| #define HAVE_UNISTD_H 1
| #define HAVE_DLFCN_H 1
| #define LT_OBJDIR ".libs/"
| #define NDEBUG 1
| #define PRIVSEP_USER "nobody"
| #define PRIVSEP_DIR "/var/empty"
| #define PRIVSEP_DIR_USER "root"
| #define PRIVSEP_DIR_GROUP "wheel"
| #define STDC_HEADERS 1
| #define HAVE_SYS_WAIT_H 1
| #define TIME_WITH_SYS_TIME 1
| #define HAVE_ARPA_INET_H 1
| #define HAVE_FCNTL_H 1
| #define HAVE_LIMITS_H 1
| #define HAVE_NETDB_H 1
| /* end confdefs.h.  */
| #include <net/if_types.h>
configure:12774: result: no
configure:12774: checking for net/if_types.h
configure:12774: result: no
configure:12786: checking netinet/in.h usability
configure:12786: gcc -c -g -O2 -I/usr/local/include  conftest.c >&5
configure:12786: $? = 0
configure:12786: result: yes
configure:12786: checking netinet/in.h presence
configure:12786: gcc -E  conftest.c
configure:12786: $? = 0
configure:12786: result: yes
configure:12786: checking for netinet/in.h
configure:12786: result: yes
configure:12798: checking poll.h usability
configure:12798: gcc -c -g -O2 -I/usr/local/include  conftest.c >&5
configure:12798: $? = 0
configure:12798: result: yes
configure:12798: checking poll.h presence
configure:12798: gcc -E  conftest.c
configure:12798: $? = 0
configure:12798: result: yes
configure:12798: checking for poll.h
configure:12798: result: yes
configure:12810: checking for stdint.h
configure:12810: result: yes
configure:12822: checking for stdlib.h
configure:12822: result: yes
configure:12834: checking for string.h
configure:12834: result: yes
configure:12846: checking sys/epoll.h usability
configure:12846: gcc -c -g -O2 -I/usr/local/include  conftest.c >&5
configure:12846: $? = 0
configure:12846: result: yes
configure:12846: checking sys/epoll.h presence
configure:12846: gcc -E  conftest.c
configure:12846: $? = 0
configure:12846: result: yes
configure:12846: checking for sys/epoll.h
configure:12846: result: yes
configure:12858: checking sys/event.h usability
configure:12858: gcc -c -g -O2 -I/usr/local/include  conftest.c >&5
conftest.c:74:23: fatal error: sys/event.h: No such file or directory
compilation terminated.
configure:12858: $? = 1
configure: failed program was:
| /* confdefs.h */
| #define PACKAGE_NAME "scamper"
| #define PACKAGE_TARNAME "scamper"
| #define PACKAGE_VERSION "20111202c"
| #define PACKAGE_STRING "scamper 20111202c"
| #define PACKAGE_BUGREPORT "mjl@luckie.org.nz"
| #define PACKAGE_URL ""
| #define PACKAGE "scamper"
| #define VERSION "20111202c"
| #define STDC_HEADERS 1
| #define HAVE_SYS_TYPES_H 1
| #define HAVE_SYS_STAT_H 1
| #define HAVE_STDLIB_H 1
| #define HAVE_STRING_H 1
| #define HAVE_MEMORY_H 1
| #define HAVE_STRINGS_H 1
| #define HAVE_INTTYPES_H 1
| #define HAVE_STDINT_H 1
| #define HAVE_UNISTD_H 1
| #define HAVE_DLFCN_H 1
| #define LT_OBJDIR ".libs/"
| #define NDEBUG 1
| #define PRIVSEP_USER "nobody"
| #define PRIVSEP_DIR "/var/empty"
| #define PRIVSEP_DIR_USER "root"
| #define PRIVSEP_DIR_GROUP "wheel"
| #define STDC_HEADERS 1
| #define HAVE_SYS_WAIT_H 1
| #define TIME_WITH_SYS_TIME 1
| #define HAVE_ARPA_INET_H 1
| #define HAVE_FCNTL_H 1
| #define HAVE_LIMITS_H 1
| #define HAVE_NETDB_H 1
| #define HAVE_NETINET_IN_H 1
| #define HAVE_POLL_H 1
| #define HAVE_STDINT_H 1
| #define HAVE_STDLIB_H 1
| #define HAVE_STRING_H 1
| #define HAVE_SYS_EPOLL_H 1
| /* end confdefs.h.  */
| #include <stdio.h>
| #ifdef HAVE_SYS_TYPES_H
| # include <sys/types.h>
| #endif
| #ifdef HAVE_SYS_STAT_H
| # include <sys/stat.h>
| #endif
| #ifdef STDC_HEADERS
| # include <stdlib.h>
| # include <stddef.h>
| #else
| # ifdef HAVE_STDLIB_H
| #  include <stdlib.h>
| # endif
| #endif
| #ifdef HAVE_STRING_H
| # if !defined STDC_HEADERS && defined HAVE_MEMORY_H
| #  include <memory.h>
| # endif
| # include <string.h>
| #endif
| #ifdef HAVE_STRINGS_H
| # include <strings.h>
| #endif
| #ifdef HAVE_INTTYPES_H
| # include <inttypes.h>
| #endif
| #ifdef HAVE_STDINT_H
| # include <stdint.h>
| #endif
| #ifdef HAVE_UNISTD_H
| # include <unistd.h>
| #endif
| #include <sys/event.h>
configure:12858: result: no
configure:12858: checking sys/event.h presence
configure:12858: gcc -E  conftest.c
conftest.c:41:23: fatal error: sys/event.h: No such file or directory
compilation terminated.
configure:12858: $? = 1
configure: failed program was:
| /* confdefs.h */
| #define PACKAGE_NAME "scamper"
| #define PACKAGE_TARNAME "scamper"
| #define PACKAGE_VERSION "20111202c"
| #define PACKAGE_STRING "scamper 20111202c"
| #define PACKAGE_BUGREPORT "mjl@luckie.org.nz"
| #define PACKAGE_URL ""
| #define PACKAGE "scamper"
| #define VERSION "20111202c"
| #define STDC_HEADERS 1
| #define HAVE_SYS_TYPES_H 1
| #define HAVE_SYS_STAT_H 1
| #define HAVE_STDLIB_H 1
| #define HAVE_STRING_H 1
| #define HAVE_MEMORY_H 1
| #define HAVE_STRINGS_H 1
| #define HAVE_INTTYPES_H 1
| #define HAVE_STDINT_H 1
| #define HAVE_UNISTD_H 1
| #define HAVE_DLFCN_H 1
| #define LT_OBJDIR ".libs/"
| #define NDEBUG 1
| #define PRIVSEP_USER "nobody"
| #define PRIVSEP_DIR "/var/empty"
| #define PRIVSEP_DIR_USER "root"
| #define PRIVSEP_DIR_GROUP "wheel"
| #define STDC_HEADERS 1
| #define HAVE_SYS_WAIT_H 1
| #define TIME_WITH_SYS_TIME 1
| #define HAVE_ARPA_INET_H 1
| #define HAVE_FCNTL_H 1
| #define HAVE_LIMITS_H 1
| #define HAVE_NETDB_H 1
| #define HAVE_NETINET_IN_H 1
| #define HAVE_POLL_H 1
| #define HAVE_STDINT_H 1
| #define HAVE_STDLIB_H 1
| #define HAVE_STRING_H 1
| #define HAVE_SYS_EPOLL_H 1
| /* end confdefs.h.  */
| #include <sys/event.h>
configure:12858: result: no
configure:12858: checking for sys/event.h
configure:12858: result: no
configure:12870: checking sys/ioctl.h usability
configure:12870: gcc -c -g -O2 -I/usr/local/include  conftest.c >&5
configure:12870: $? = 0
configure:12870: result: yes
configure:12870: checking sys/ioctl.h presence
configure:12870: gcc -E  conftest.c
configure:12870: $? = 0
configure:12870: result: yes
configure:12870: checking for sys/ioctl.h
configure:12870: result: yes
configure:12882: checking sys/param.h usability
configure:12882: gcc -c -g -O2 -I/usr/local/include  conftest.c >&5
configure:12882: $? = 0
configure:12882: result: yes
configure:12882: checking sys/param.h presence
configure:12882: gcc -E  conftest.c
configure:12882: $? = 0
configure:12882: result: yes
configure:12882: checking for sys/param.h
configure:12882: result: yes
configure:12894: checking sys/socket.h usability
configure:12894: gcc -c -g -O2 -I/usr/local/include  conftest.c >&5
configure:12894: $? = 0
configure:12894: result: yes
configure:12894: checking sys/socket.h presence
configure:12894: gcc -E  conftest.c
configure:12894: $? = 0
configure:12894: result: yes
configure:12894: checking for sys/socket.h
configure:12894: result: yes
configure:12906: checking sys/sysctl.h usability
configure:12906: gcc -c -g -O2 -I/usr/local/include  conftest.c >&5
configure:12906: $? = 0
configure:12906: result: yes
configure:12906: checking sys/sysctl.h presence
configure:12906: gcc -E  conftest.c
configure:12906: $? = 0
configure:12906: result: yes
configure:12906: checking for sys/sysctl.h
configure:12906: result: yes
configure:12918: checking sys/time.h usability
configure:12918: gcc -c -g -O2 -I/usr/local/include  conftest.c >&5
configure:12918: $? = 0
configure:12918: result: yes
configure:12918: checking sys/time.h presence
configure:12918: gcc -E  conftest.c
configure:12918: $? = 0
configure:12918: result: yes
configure:12918: checking for sys/time.h
configure:12918: result: yes
configure:12930: checking for unistd.h
configure:12930: result: yes
configure:12942: checking ifaddrs.h usability
configure:12942: gcc -c -g -O2 -I/usr/local/include  conftest.c >&5
configure:12942: $? = 0
configure:12942: result: yes
configure:12942: checking ifaddrs.h presence
configure:12942: gcc -E  conftest.c
configure:12942: $? = 0
configure:12942: result: yes
configure:12942: checking for ifaddrs.h
configure:12942: result: yes
configure:12954: checking for an ANSI C-conforming const
configure:13020: gcc -c -g -O2 -I/usr/local/include  conftest.c >&5
configure:13020: $? = 0
configure:13027: result: yes
configure:13035: checking for uid_t in sys/types.h
configure:13054: result: yes
configure:13065: checking for int16_t
configure:13065: gcc -c -g -O2 -I/usr/local/include  conftest.c >&5
configure:13065: $? = 0
configure:13065: gcc -c -g -O2 -I/usr/local/include  conftest.c >&5
conftest.c: In function 'main':
conftest.c:85:12: error: size of array 'test_array' is negative
configure:13065: $? = 1
configure: failed program was:
| /* confdefs.h */
| #define PACKAGE_NAME "scamper"
| #define PACKAGE_TARNAME "scamper"
| #define PACKAGE_VERSION "20111202c"
| #define PACKAGE_STRING "scamper 20111202c"
| #define PACKAGE_BUGREPORT "mjl@luckie.org.nz"
| #define PACKAGE_URL ""
| #define PACKAGE "scamper"
| #define VERSION "20111202c"
| #define STDC_HEADERS 1
| #define HAVE_SYS_TYPES_H 1
| #define HAVE_SYS_STAT_H 1
| #define HAVE_STDLIB_H 1
| #define HAVE_STRING_H 1
| #define HAVE_MEMORY_H 1
| #define HAVE_STRINGS_H 1
| #define HAVE_INTTYPES_H 1
| #define HAVE_STDINT_H 1
| #define HAVE_UNISTD_H 1
| #define HAVE_DLFCN_H 1
| #define LT_OBJDIR ".libs/"
| #define NDEBUG 1
| #define PRIVSEP_USER "nobody"
| #define PRIVSEP_DIR "/var/empty"
| #define PRIVSEP_DIR_USER "root"
| #define PRIVSEP_DIR_GROUP "wheel"
| #define STDC_HEADERS 1
| #define HAVE_SYS_WAIT_H 1
| #define TIME_WITH_SYS_TIME 1
| #define HAVE_ARPA_INET_H 1
| #define HAVE_FCNTL_H 1
| #define HAVE_LIMITS_H 1
| #define HAVE_NETDB_H 1
| #define HAVE_NETINET_IN_H 1
| #define HAVE_POLL_H 1
| #define HAVE_STDINT_H 1
| #define HAVE_STDLIB_H 1
| #define HAVE_STRING_H 1
| #define HAVE_SYS_EPOLL_H 1
| #define HAVE_SYS_IOCTL_H 1
| #define HAVE_SYS_PARAM_H 1
| #define HAVE_SYS_SOCKET_H 1
| #define HAVE_SYS_SYSCTL_H 1
| #define HAVE_SYS_TIME_H 1
| #define HAVE_UNISTD_H 1
| #define HAVE_IFADDRS_H 1
| /* end confdefs.h.  */
| #include <stdio.h>
| #ifdef HAVE_SYS_TYPES_H
| # include <sys/types.h>
| #endif
| #ifdef HAVE_SYS_STAT_H
| # include <sys/stat.h>
| #endif
| #ifdef STDC_HEADERS
| # include <stdlib.h>
| # include <stddef.h>
| #else
| # ifdef HAVE_STDLIB_H
| #  include <stdlib.h>
| # endif
| #endif
| #ifdef HAVE_STRING_H
| # if !defined STDC_HEADERS && defined HAVE_MEMORY_H
| #  include <memory.h>
| # endif
| # include <string.h>
| #endif
| #ifdef HAVE_STRINGS_H
| # include <strings.h>
| #endif
| #ifdef HAVE_INTTYPES_H
| # include <inttypes.h>
| #endif
| #ifdef HAVE_STDINT_H
| # include <stdint.h>
| #endif
| #ifdef HAVE_UNISTD_H
| # include <unistd.h>
| #endif
| 	        enum { N = 16 / 2 - 1 };
| int
| main ()
| {
| static int test_array [1 - 2 * !((int16_t) (((((int16_t) 1 << N) << N) - 1) * 2 + 1)
| 		 < (int16_t) (((((int16_t) 1 << N) << N) - 1) * 2 + 2))];
| test_array [0] = 0;
| return test_array [0];
| 
|   ;
|   return 0;
| }
configure:13065: result: yes
configure:13076: checking for int32_t
configure:13076: gcc -c -g -O2 -I/usr/local/include  conftest.c >&5
configure:13076: $? = 0
configure:13076: gcc -c -g -O2 -I/usr/local/include  conftest.c >&5
conftest.c: In function 'main':
conftest.c:86:53: warning: integer overflow in expression [-Woverflow]
conftest.c:85:12: error: size of array 'test_array' is negative
conftest.c:85:12: error: storage size of 'test_array' isn't constant
configure:13076: $? = 1
configure: failed program was:
| /* confdefs.h */
| #define PACKAGE_NAME "scamper"
| #define PACKAGE_TARNAME "scamper"
| #define PACKAGE_VERSION "20111202c"
| #define PACKAGE_STRING "scamper 20111202c"
| #define PACKAGE_BUGREPORT "mjl@luckie.org.nz"
| #define PACKAGE_URL ""
| #define PACKAGE "scamper"
| #define VERSION "20111202c"
| #define STDC_HEADERS 1
| #define HAVE_SYS_TYPES_H 1
| #define HAVE_SYS_STAT_H 1
| #define HAVE_STDLIB_H 1
| #define HAVE_STRING_H 1
| #define HAVE_MEMORY_H 1
| #define HAVE_STRINGS_H 1
| #define HAVE_INTTYPES_H 1
| #define HAVE_STDINT_H 1
| #define HAVE_UNISTD_H 1
| #define HAVE_DLFCN_H 1
| #define LT_OBJDIR ".libs/"
| #define NDEBUG 1
| #define PRIVSEP_USER "nobody"
| #define PRIVSEP_DIR "/var/empty"
| #define PRIVSEP_DIR_USER "root"
| #define PRIVSEP_DIR_GROUP "wheel"
| #define STDC_HEADERS 1
| #define HAVE_SYS_WAIT_H 1
| #define TIME_WITH_SYS_TIME 1
| #define HAVE_ARPA_INET_H 1
| #define HAVE_FCNTL_H 1
| #define HAVE_LIMITS_H 1
| #define HAVE_NETDB_H 1
| #define HAVE_NETINET_IN_H 1
| #define HAVE_POLL_H 1
| #define HAVE_STDINT_H 1
| #define HAVE_STDLIB_H 1
| #define HAVE_STRING_H 1
| #define HAVE_SYS_EPOLL_H 1
| #define HAVE_SYS_IOCTL_H 1
| #define HAVE_SYS_PARAM_H 1
| #define HAVE_SYS_SOCKET_H 1
| #define HAVE_SYS_SYSCTL_H 1
| #define HAVE_SYS_TIME_H 1
| #define HAVE_UNISTD_H 1
| #define HAVE_IFADDRS_H 1
| /* end confdefs.h.  */
| #include <stdio.h>
| #ifdef HAVE_SYS_TYPES_H
| # include <sys/types.h>
| #endif
| #ifdef HAVE_SYS_STAT_H
| # include <sys/stat.h>
| #endif
| #ifdef STDC_HEADERS
| # include <stdlib.h>
| # include <stddef.h>
| #else
| # ifdef HAVE_STDLIB_H
| #  include <stdlib.h>
| # endif
| #endif
| #ifdef HAVE_STRING_H
| # if !defined STDC_HEADERS && defined HAVE_MEMORY_H
| #  include <memory.h>
| # endif
| # include <string.h>
| #endif
| #ifdef HAVE_STRINGS_H
| # include <strings.h>
| #endif
| #ifdef HAVE_INTTYPES_H
| # include <inttypes.h>
| #endif
| #ifdef HAVE_STDINT_H
| # include <stdint.h>
| #endif
| #ifdef HAVE_UNISTD_H
| # include <unistd.h>
| #endif
| 	        enum { N = 32 / 2 - 1 };
| int
| main ()
| {
| static int test_array [1 - 2 * !((int32_t) (((((int32_t) 1 << N) << N) - 1) * 2 + 1)
| 		 < (int32_t) (((((int32_t) 1 << N) << N) - 1) * 2 + 2))];
| test_array [0] = 0;
| return test_array [0];
| 
|   ;
|   return 0;
| }
configure:13076: result: yes
configure:13087: checking for mode_t
configure:13087: gcc -c -g -O2 -I/usr/local/include  conftest.c >&5
configure:13087: $? = 0
configure:13087: gcc -c -g -O2 -I/usr/local/include  conftest.c >&5
conftest.c: In function 'main':
conftest.c:84:21: error: expected expression before ')' token
configure:13087: $? = 1
configure: failed program was:
| /* confdefs.h */
| #define PACKAGE_NAME "scamper"
| #define PACKAGE_TARNAME "scamper"
| #define PACKAGE_VERSION "20111202c"
| #define PACKAGE_STRING "scamper 20111202c"
| #define PACKAGE_BUGREPORT "mjl@luckie.org.nz"
| #define PACKAGE_URL ""
| #define PACKAGE "scamper"
| #define VERSION "20111202c"
| #define STDC_HEADERS 1
| #define HAVE_SYS_TYPES_H 1
| #define HAVE_SYS_STAT_H 1
| #define HAVE_STDLIB_H 1
| #define HAVE_STRING_H 1
| #define HAVE_MEMORY_H 1
| #define HAVE_STRINGS_H 1
| #define HAVE_INTTYPES_H 1
| #define HAVE_STDINT_H 1
| #define HAVE_UNISTD_H 1
| #define HAVE_DLFCN_H 1
| #define LT_OBJDIR ".libs/"
| #define NDEBUG 1
| #define PRIVSEP_USER "nobody"
| #define PRIVSEP_DIR "/var/empty"
| #define PRIVSEP_DIR_USER "root"
| #define PRIVSEP_DIR_GROUP "wheel"
| #define STDC_HEADERS 1
| #define HAVE_SYS_WAIT_H 1
| #define TIME_WITH_SYS_TIME 1
| #define HAVE_ARPA_INET_H 1
| #define HAVE_FCNTL_H 1
| #define HAVE_LIMITS_H 1
| #define HAVE_NETDB_H 1
| #define HAVE_NETINET_IN_H 1
| #define HAVE_POLL_H 1
| #define HAVE_STDINT_H 1
| #define HAVE_STDLIB_H 1
| #define HAVE_STRING_H 1
| #define HAVE_SYS_EPOLL_H 1
| #define HAVE_SYS_IOCTL_H 1
| #define HAVE_SYS_PARAM_H 1
| #define HAVE_SYS_SOCKET_H 1
| #define HAVE_SYS_SYSCTL_H 1
| #define HAVE_SYS_TIME_H 1
| #define HAVE_UNISTD_H 1
| #define HAVE_IFADDRS_H 1
| /* end confdefs.h.  */
| #include <stdio.h>
| #ifdef HAVE_SYS_TYPES_H
| # include <sys/types.h>
| #endif
| #ifdef HAVE_SYS_STAT_H
| # include <sys/stat.h>
| #endif
| #ifdef STDC_HEADERS
| # include <stdlib.h>
| # include <stddef.h>
| #else
| # ifdef HAVE_STDLIB_H
| #  include <stdlib.h>
| # endif
| #endif
| #ifdef HAVE_STRING_H
| # if !defined STDC_HEADERS && defined HAVE_MEMORY_H
| #  include <memory.h>
| # endif
| # include <string.h>
| #endif
| #ifdef HAVE_STRINGS_H
| # include <strings.h>
| #endif
| #ifdef HAVE_INTTYPES_H
| # include <inttypes.h>
| #endif
| #ifdef HAVE_STDINT_H
| # include <stdint.h>
| #endif
| #ifdef HAVE_UNISTD_H
| # include <unistd.h>
| #endif
| int
| main ()
| {
| if (sizeof ((mode_t)))
| 	    return 0;
|   ;
|   return 0;
| }
configure:13087: result: yes
configure:13098: checking for off_t
configure:13098: gcc -c -g -O2 -I/usr/local/include  conftest.c >&5
configure:13098: $? = 0
configure:13098: gcc -c -g -O2 -I/usr/local/include  conftest.c >&5
conftest.c: In function 'main':
conftest.c:84:20: error: expected expression before ')' token
configure:13098: $? = 1
configure: failed program was:
| /* confdefs.h */
| #define PACKAGE_NAME "scamper"
| #define PACKAGE_TARNAME "scamper"
| #define PACKAGE_VERSION "20111202c"
| #define PACKAGE_STRING "scamper 20111202c"
| #define PACKAGE_BUGREPORT "mjl@luckie.org.nz"
| #define PACKAGE_URL ""
| #define PACKAGE "scamper"
| #define VERSION "20111202c"
| #define STDC_HEADERS 1
| #define HAVE_SYS_TYPES_H 1
| #define HAVE_SYS_STAT_H 1
| #define HAVE_STDLIB_H 1
| #define HAVE_STRING_H 1
| #define HAVE_MEMORY_H 1
| #define HAVE_STRINGS_H 1
| #define HAVE_INTTYPES_H 1
| #define HAVE_STDINT_H 1
| #define HAVE_UNISTD_H 1
| #define HAVE_DLFCN_H 1
| #define LT_OBJDIR ".libs/"
| #define NDEBUG 1
| #define PRIVSEP_USER "nobody"
| #define PRIVSEP_DIR "/var/empty"
| #define PRIVSEP_DIR_USER "root"
| #define PRIVSEP_DIR_GROUP "wheel"
| #define STDC_HEADERS 1
| #define HAVE_SYS_WAIT_H 1
| #define TIME_WITH_SYS_TIME 1
| #define HAVE_ARPA_INET_H 1
| #define HAVE_FCNTL_H 1
| #define HAVE_LIMITS_H 1
| #define HAVE_NETDB_H 1
| #define HAVE_NETINET_IN_H 1
| #define HAVE_POLL_H 1
| #define HAVE_STDINT_H 1
| #define HAVE_STDLIB_H 1
| #define HAVE_STRING_H 1
| #define HAVE_SYS_EPOLL_H 1
| #define HAVE_SYS_IOCTL_H 1
| #define HAVE_SYS_PARAM_H 1
| #define HAVE_SYS_SOCKET_H 1
| #define HAVE_SYS_SYSCTL_H 1
| #define HAVE_SYS_TIME_H 1
| #define HAVE_UNISTD_H 1
| #define HAVE_IFADDRS_H 1
| /* end confdefs.h.  */
| #include <stdio.h>
| #ifdef HAVE_SYS_TYPES_H
| # include <sys/types.h>
| #endif
| #ifdef HAVE_SYS_STAT_H
| # include <sys/stat.h>
| #endif
| #ifdef STDC_HEADERS
| # include <stdlib.h>
| # include <stddef.h>
| #else
| # ifdef HAVE_STDLIB_H
| #  include <stdlib.h>
| # endif
| #endif
| #ifdef HAVE_STRING_H
| # if !defined STDC_HEADERS && defined HAVE_MEMORY_H
| #  include <memory.h>
| # endif
| # include <string.h>
| #endif
| #ifdef HAVE_STRINGS_H
| # include <strings.h>
| #endif
| #ifdef HAVE_INTTYPES_H
| # include <inttypes.h>
| #endif
| #ifdef HAVE_STDINT_H
| # include <stdint.h>
| #endif
| #ifdef HAVE_UNISTD_H
| # include <unistd.h>
| #endif
| int
| main ()
| {
| if (sizeof ((off_t)))
| 	    return 0;
|   ;
|   return 0;
| }
configure:13098: result: yes
configure:13109: checking for pid_t
configure:13109: gcc -c -g -O2 -I/usr/local/include  conftest.c >&5
configure:13109: $? = 0
configure:13109: gcc -c -g -O2 -I/usr/local/include  conftest.c >&5
conftest.c: In function 'main':
conftest.c:84:20: error: expected expression before ')' token
configure:13109: $? = 1
configure: failed program was:
| /* confdefs.h */
| #define PACKAGE_NAME "scamper"
| #define PACKAGE_TARNAME "scamper"
| #define PACKAGE_VERSION "20111202c"
| #define PACKAGE_STRING "scamper 20111202c"
| #define PACKAGE_BUGREPORT "mjl@luckie.org.nz"
| #define PACKAGE_URL ""
| #define PACKAGE "scamper"
| #define VERSION "20111202c"
| #define STDC_HEADERS 1
| #define HAVE_SYS_TYPES_H 1
| #define HAVE_SYS_STAT_H 1
| #define HAVE_STDLIB_H 1
| #define HAVE_STRING_H 1
| #define HAVE_MEMORY_H 1
| #define HAVE_STRINGS_H 1
| #define HAVE_INTTYPES_H 1
| #define HAVE_STDINT_H 1
| #define HAVE_UNISTD_H 1
| #define HAVE_DLFCN_H 1
| #define LT_OBJDIR ".libs/"
| #define NDEBUG 1
| #define PRIVSEP_USER "nobody"
| #define PRIVSEP_DIR "/var/empty"
| #define PRIVSEP_DIR_USER "root"
| #define PRIVSEP_DIR_GROUP "wheel"
| #define STDC_HEADERS 1
| #define HAVE_SYS_WAIT_H 1
| #define TIME_WITH_SYS_TIME 1
| #define HAVE_ARPA_INET_H 1
| #define HAVE_FCNTL_H 1
| #define HAVE_LIMITS_H 1
| #define HAVE_NETDB_H 1
| #define HAVE_NETINET_IN_H 1
| #define HAVE_POLL_H 1
| #define HAVE_STDINT_H 1
| #define HAVE_STDLIB_H 1
| #define HAVE_STRING_H 1
| #define HAVE_SYS_EPOLL_H 1
| #define HAVE_SYS_IOCTL_H 1
| #define HAVE_SYS_PARAM_H 1
| #define HAVE_SYS_SOCKET_H 1
| #define HAVE_SYS_SYSCTL_H 1
| #define HAVE_SYS_TIME_H 1
| #define HAVE_UNISTD_H 1
| #define HAVE_IFADDRS_H 1
| /* end confdefs.h.  */
| #include <stdio.h>
| #ifdef HAVE_SYS_TYPES_H
| # include <sys/types.h>
| #endif
| #ifdef HAVE_SYS_STAT_H
| # include <sys/stat.h>
| #endif
| #ifdef STDC_HEADERS
| # include <stdlib.h>
| # include <stddef.h>
| #else
| # ifdef HAVE_STDLIB_H
| #  include <stdlib.h>
| # endif
| #endif
| #ifdef HAVE_STRING_H
| # if !defined STDC_HEADERS && defined HAVE_MEMORY_H
| #  include <memory.h>
| # endif
| # include <string.h>
| #endif
| #ifdef HAVE_STRINGS_H
| # include <strings.h>
| #endif
| #ifdef HAVE_INTTYPES_H
| # include <inttypes.h>
| #endif
| #ifdef HAVE_STDINT_H
| # include <stdint.h>
| #endif
| #ifdef HAVE_UNISTD_H
| # include <unistd.h>
| #endif
| int
| main ()
| {
| if (sizeof ((pid_t)))
| 	    return 0;
|   ;
|   return 0;
| }
configure:13109: result: yes
configure:13120: checking for size_t
configure:13120: gcc -c -g -O2 -I/usr/local/include  conftest.c >&5
configure:13120: $? = 0
configure:13120: gcc -c -g -O2 -I/usr/local/include  conftest.c >&5
conftest.c: In function 'main':
conftest.c:84:21: error: expected expression before ')' token
configure:13120: $? = 1
configure: failed program was:
| /* confdefs.h */
| #define PACKAGE_NAME "scamper"
| #define PACKAGE_TARNAME "scamper"
| #define PACKAGE_VERSION "20111202c"
| #define PACKAGE_STRING "scamper 20111202c"
| #define PACKAGE_BUGREPORT "mjl@luckie.org.nz"
| #define PACKAGE_URL ""
| #define PACKAGE "scamper"
| #define VERSION "20111202c"
| #define STDC_HEADERS 1
| #define HAVE_SYS_TYPES_H 1
| #define HAVE_SYS_STAT_H 1
| #define HAVE_STDLIB_H 1
| #define HAVE_STRING_H 1
| #define HAVE_MEMORY_H 1
| #define HAVE_STRINGS_H 1
| #define HAVE_INTTYPES_H 1
| #define HAVE_STDINT_H 1
| #define HAVE_UNISTD_H 1
| #define HAVE_DLFCN_H 1
| #define LT_OBJDIR ".libs/"
| #define NDEBUG 1
| #define PRIVSEP_USER "nobody"
| #define PRIVSEP_DIR "/var/empty"
| #define PRIVSEP_DIR_USER "root"
| #define PRIVSEP_DIR_GROUP "wheel"
| #define STDC_HEADERS 1
| #define HAVE_SYS_WAIT_H 1
| #define TIME_WITH_SYS_TIME 1
| #define HAVE_ARPA_INET_H 1
| #define HAVE_FCNTL_H 1
| #define HAVE_LIMITS_H 1
| #define HAVE_NETDB_H 1
| #define HAVE_NETINET_IN_H 1
| #define HAVE_POLL_H 1
| #define HAVE_STDINT_H 1
| #define HAVE_STDLIB_H 1
| #define HAVE_STRING_H 1
| #define HAVE_SYS_EPOLL_H 1
| #define HAVE_SYS_IOCTL_H 1
| #define HAVE_SYS_PARAM_H 1
| #define HAVE_SYS_SOCKET_H 1
| #define HAVE_SYS_SYSCTL_H 1
| #define HAVE_SYS_TIME_H 1
| #define HAVE_UNISTD_H 1
| #define HAVE_IFADDRS_H 1
| /* end confdefs.h.  */
| #include <stdio.h>
| #ifdef HAVE_SYS_TYPES_H
| # include <sys/types.h>
| #endif
| #ifdef HAVE_SYS_STAT_H
| # include <sys/stat.h>
| #endif
| #ifdef STDC_HEADERS
| # include <stdlib.h>
| # include <stddef.h>
| #else
| # ifdef HAVE_STDLIB_H
| #  include <stdlib.h>
| # endif
| #endif
| #ifdef HAVE_STRING_H
| # if !defined STDC_HEADERS && defined HAVE_MEMORY_H
| #  include <memory.h>
| # endif
| # include <string.h>
| #endif
| #ifdef HAVE_STRINGS_H
| # include <strings.h>
| #endif
| #ifdef HAVE_INTTYPES_H
| # include <inttypes.h>
| #endif
| #ifdef HAVE_STDINT_H
| # include <stdint.h>
| #endif
| #ifdef HAVE_UNISTD_H
| # include <unistd.h>
| #endif
| int
| main ()
| {
| if (sizeof ((size_t)))
| 	    return 0;
|   ;
|   return 0;
| }
configure:13120: result: yes
configure:13131: checking for ssize_t
configure:13131: gcc -c -g -O2 -I/usr/local/include  conftest.c >&5
configure:13131: $? = 0
configure:13131: gcc -c -g -O2 -I/usr/local/include  conftest.c >&5
conftest.c: In function 'main':
conftest.c:84:22: error: expected expression before ')' token
configure:13131: $? = 1
configure: failed program was:
| /* confdefs.h */
| #define PACKAGE_NAME "scamper"
| #define PACKAGE_TARNAME "scamper"
| #define PACKAGE_VERSION "20111202c"
| #define PACKAGE_STRING "scamper 20111202c"
| #define PACKAGE_BUGREPORT "mjl@luckie.org.nz"
| #define PACKAGE_URL ""
| #define PACKAGE "scamper"
| #define VERSION "20111202c"
| #define STDC_HEADERS 1
| #define HAVE_SYS_TYPES_H 1
| #define HAVE_SYS_STAT_H 1
| #define HAVE_STDLIB_H 1
| #define HAVE_STRING_H 1
| #define HAVE_MEMORY_H 1
| #define HAVE_STRINGS_H 1
| #define HAVE_INTTYPES_H 1
| #define HAVE_STDINT_H 1
| #define HAVE_UNISTD_H 1
| #define HAVE_DLFCN_H 1
| #define LT_OBJDIR ".libs/"
| #define NDEBUG 1
| #define PRIVSEP_USER "nobody"
| #define PRIVSEP_DIR "/var/empty"
| #define PRIVSEP_DIR_USER "root"
| #define PRIVSEP_DIR_GROUP "wheel"
| #define STDC_HEADERS 1
| #define HAVE_SYS_WAIT_H 1
| #define TIME_WITH_SYS_TIME 1
| #define HAVE_ARPA_INET_H 1
| #define HAVE_FCNTL_H 1
| #define HAVE_LIMITS_H 1
| #define HAVE_NETDB_H 1
| #define HAVE_NETINET_IN_H 1
| #define HAVE_POLL_H 1
| #define HAVE_STDINT_H 1
| #define HAVE_STDLIB_H 1
| #define HAVE_STRING_H 1
| #define HAVE_SYS_EPOLL_H 1
| #define HAVE_SYS_IOCTL_H 1
| #define HAVE_SYS_PARAM_H 1
| #define HAVE_SYS_SOCKET_H 1
| #define HAVE_SYS_SYSCTL_H 1
| #define HAVE_SYS_TIME_H 1
| #define HAVE_UNISTD_H 1
| #define HAVE_IFADDRS_H 1
| /* end confdefs.h.  */
| #include <stdio.h>
| #ifdef HAVE_SYS_TYPES_H
| # include <sys/types.h>
| #endif
| #ifdef HAVE_SYS_STAT_H
| # include <sys/stat.h>
| #endif
| #ifdef STDC_HEADERS
| # include <stdlib.h>
| # include <stddef.h>
| #else
| # ifdef HAVE_STDLIB_H
| #  include <stdlib.h>
| # endif
| #endif
| #ifdef HAVE_STRING_H
| # if !defined STDC_HEADERS && defined HAVE_MEMORY_H
| #  include <memory.h>
| # endif
| # include <string.h>
| #endif
| #ifdef HAVE_STRINGS_H
| # include <strings.h>
| #endif
| #ifdef HAVE_INTTYPES_H
| # include <inttypes.h>
| #endif
| #ifdef HAVE_STDINT_H
| # include <stdint.h>
| #endif
| #ifdef HAVE_UNISTD_H
| # include <unistd.h>
| #endif
| int
| main ()
| {
| if (sizeof ((ssize_t)))
| 	    return 0;
|   ;
|   return 0;
| }
configure:13131: result: yes
configure:13142: checking whether struct tm is in sys/time.h or time.h
configure:13162: gcc -c -g -O2 -I/usr/local/include  conftest.c >&5
configure:13162: $? = 0
configure:13169: result: time.h
configure:13177: checking for uint16_t
configure:13177: gcc -c -g -O2 -I/usr/local/include  conftest.c >&5
configure:13177: $? = 0
configure:13177: result: yes
configure:13189: checking for uint32_t
configure:13189: gcc -c -g -O2 -I/usr/local/include  conftest.c >&5
configure:13189: $? = 0
configure:13189: result: yes
configure:13203: checking for uint64_t
configure:13203: gcc -c -g -O2 -I/usr/local/include  conftest.c >&5
configure:13203: $? = 0
configure:13203: result: yes
configure:13217: checking for uint8_t
configure:13217: gcc -c -g -O2 -I/usr/local/include  conftest.c >&5
configure:13217: $? = 0
configure:13217: result: yes
configure:13235: checking for unistd.h
configure:13235: result: yes
configure:13245: checking for working chown
configure:13278: gcc -o conftest -g -O2 -I/usr/local/include   -L/usr/local/lib conftest.c  >&5
configure:13278: $? = 0
configure:13278: ./conftest
configure:13278: $? = 0
configure:13290: result: yes
configure:13300: checking vfork.h usability
configure:13300: gcc -c -g -O2 -I/usr/local/include  conftest.c >&5
conftest.c:83:19: fatal error: vfork.h: No such file or directory
compilation terminated.
configure:13300: $? = 1
configure: failed program was:
| /* confdefs.h */
| #define PACKAGE_NAME "scamper"
| #define PACKAGE_TARNAME "scamper"
| #define PACKAGE_VERSION "20111202c"
| #define PACKAGE_STRING "scamper 20111202c"
| #define PACKAGE_BUGREPORT "mjl@luckie.org.nz"
| #define PACKAGE_URL ""
| #define PACKAGE "scamper"
| #define VERSION "20111202c"
| #define STDC_HEADERS 1
| #define HAVE_SYS_TYPES_H 1
| #define HAVE_SYS_STAT_H 1
| #define HAVE_STDLIB_H 1
| #define HAVE_STRING_H 1
| #define HAVE_MEMORY_H 1
| #define HAVE_STRINGS_H 1
| #define HAVE_INTTYPES_H 1
| #define HAVE_STDINT_H 1
| #define HAVE_UNISTD_H 1
| #define HAVE_DLFCN_H 1
| #define LT_OBJDIR ".libs/"
| #define NDEBUG 1
| #define PRIVSEP_USER "nobody"
| #define PRIVSEP_DIR "/var/empty"
| #define PRIVSEP_DIR_USER "root"
| #define PRIVSEP_DIR_GROUP "wheel"
| #define STDC_HEADERS 1
| #define HAVE_SYS_WAIT_H 1
| #define TIME_WITH_SYS_TIME 1
| #define HAVE_ARPA_INET_H 1
| #define HAVE_FCNTL_H 1
| #define HAVE_LIMITS_H 1
| #define HAVE_NETDB_H 1
| #define HAVE_NETINET_IN_H 1
| #define HAVE_POLL_H 1
| #define HAVE_STDINT_H 1
| #define HAVE_STDLIB_H 1
| #define HAVE_STRING_H 1
| #define HAVE_SYS_EPOLL_H 1
| #define HAVE_SYS_IOCTL_H 1
| #define HAVE_SYS_PARAM_H 1
| #define HAVE_SYS_SOCKET_H 1
| #define HAVE_SYS_SYSCTL_H 1
| #define HAVE_SYS_TIME_H 1
| #define HAVE_UNISTD_H 1
| #define HAVE_IFADDRS_H 1
| #define HAVE_UNISTD_H 1
| #define HAVE_CHOWN 1
| /* end confdefs.h.  */
| #include <stdio.h>
| #ifdef HAVE_SYS_TYPES_H
| # include <sys/types.h>
| #endif
| #ifdef HAVE_SYS_STAT_H
| # include <sys/stat.h>
| #endif
| #ifdef STDC_HEADERS
| # include <stdlib.h>
| # include <stddef.h>
| #else
| # ifdef HAVE_STDLIB_H
| #  include <stdlib.h>
| # endif
| #endif
| #ifdef HAVE_STRING_H
| # if !defined STDC_HEADERS && defined HAVE_MEMORY_H
| #  include <memory.h>
| # endif
| # include <string.h>
| #endif
| #ifdef HAVE_STRINGS_H
| # include <strings.h>
| #endif
| #ifdef HAVE_INTTYPES_H
| # include <inttypes.h>
| #endif
| #ifdef HAVE_STDINT_H
| # include <stdint.h>
| #endif
| #ifdef HAVE_UNISTD_H
| # include <unistd.h>
| #endif
| #include <vfork.h>
configure:13300: result: no
configure:13300: checking vfork.h presence
configure:13300: gcc -E  conftest.c
conftest.c:50:19: fatal error: vfork.h: No such file or directory
compilation terminated.
configure:13300: $? = 1
configure: failed program was:
| /* confdefs.h */
| #define PACKAGE_NAME "scamper"
| #define PACKAGE_TARNAME "scamper"
| #define PACKAGE_VERSION "20111202c"
| #define PACKAGE_STRING "scamper 20111202c"
| #define PACKAGE_BUGREPORT "mjl@luckie.org.nz"
| #define PACKAGE_URL ""
| #define PACKAGE "scamper"
| #define VERSION "20111202c"
| #define STDC_HEADERS 1
| #define HAVE_SYS_TYPES_H 1
| #define HAVE_SYS_STAT_H 1
| #define HAVE_STDLIB_H 1
| #define HAVE_STRING_H 1
| #define HAVE_MEMORY_H 1
| #define HAVE_STRINGS_H 1
| #define HAVE_INTTYPES_H 1
| #define HAVE_STDINT_H 1
| #define HAVE_UNISTD_H 1
| #define HAVE_DLFCN_H 1
| #define LT_OBJDIR ".libs/"
| #define NDEBUG 1
| #define PRIVSEP_USER "nobody"
| #define PRIVSEP_DIR "/var/empty"
| #define PRIVSEP_DIR_USER "root"
| #define PRIVSEP_DIR_GROUP "wheel"
| #define STDC_HEADERS 1
| #define HAVE_SYS_WAIT_H 1
| #define TIME_WITH_SYS_TIME 1
| #define HAVE_ARPA_INET_H 1
| #define HAVE_FCNTL_H 1
| #define HAVE_LIMITS_H 1
| #define HAVE_NETDB_H 1
| #define HAVE_NETINET_IN_H 1
| #define HAVE_POLL_H 1
| #define HAVE_STDINT_H 1
| #define HAVE_STDLIB_H 1
| #define HAVE_STRING_H 1
| #define HAVE_SYS_EPOLL_H 1
| #define HAVE_SYS_IOCTL_H 1
| #define HAVE_SYS_PARAM_H 1
| #define HAVE_SYS_SOCKET_H 1
| #define HAVE_SYS_SYSCTL_H 1
| #define HAVE_SYS_TIME_H 1
| #define HAVE_UNISTD_H 1
| #define HAVE_IFADDRS_H 1
| #define HAVE_UNISTD_H 1
| #define HAVE_CHOWN 1
| /* end confdefs.h.  */
| #include <vfork.h>
configure:13300: result: no
configure:13300: checking for vfork.h
configure:13300: result: no
configure:13313: checking for fork
configure:13313: gcc -o conftest -g -O2 -I/usr/local/include   -L/usr/local/lib conftest.c  >&5
conftest.c:73:6: warning: conflicting types for built-in function 'fork' [enabled by default]
configure:13313: $? = 0
configure:13313: result: yes
configure:13313: checking for vfork
configure:13313: gcc -o conftest -g -O2 -I/usr/local/include   -L/usr/local/lib conftest.c  >&5
configure:13313: $? = 0
configure:13313: result: yes
configure:13323: checking for working fork
configure:13345: gcc -o conftest -g -O2 -I/usr/local/include   -L/usr/local/lib conftest.c  >&5
configure:13345: $? = 0
configure:13345: ./conftest
configure:13345: $? = 0
configure:13355: result: yes
configure:13376: checking for working vfork
configure:13486: result: yes
configure:13513: checking for atexit
configure:13513: gcc -o conftest -g -O2 -I/usr/local/include   -L/usr/local/lib conftest.c  >&5
configure:13513: $? = 0
configure:13513: result: yes
configure:13524: checking for daemon
configure:13524: gcc -o conftest -g -O2 -I/usr/local/include   -L/usr/local/lib conftest.c  >&5
configure:13524: $? = 0
configure:13524: result: yes
configure:13535: checking for endpwent
configure:13535: gcc -o conftest -g -O2 -I/usr/local/include   -L/usr/local/lib conftest.c  >&5
configure:13535: $? = 0
configure:13535: result: yes
configure:13546: checking for epoll_wait
configure:13546: gcc -o conftest -g -O2 -I/usr/local/include   -L/usr/local/lib conftest.c  >&5
configure:13546: $? = 0
configure:13546: result: yes
configure:13557: checking for ftruncate
configure:13557: gcc -o conftest -g -O2 -I/usr/local/include   -L/usr/local/lib conftest.c  >&5
configure:13557: $? = 0
configure:13557: result: yes
configure:13568: checking for getdtablesize
configure:13568: gcc -o conftest -g -O2 -I/usr/local/include   -L/usr/local/lib conftest.c  >&5
configure:13568: $? = 0
configure:13568: result: yes
configure:13579: checking for gethostname
configure:13579: gcc -o conftest -g -O2 -I/usr/local/include   -L/usr/local/lib conftest.c  >&5
configure:13579: $? = 0
configure:13579: result: yes
configure:13590: checking for getifaddrs
configure:13590: gcc -o conftest -g -O2 -I/usr/local/include   -L/usr/local/lib conftest.c  >&5
configure:13590: $? = 0
configure:13590: result: yes
configure:13601: checking for gettimeofday
configure:13601: gcc -o conftest -g -O2 -I/usr/local/include   -L/usr/local/lib conftest.c  >&5
configure:13601: $? = 0
configure:13601: result: yes
configure:13612: checking for kqueue
configure:13612: gcc -o conftest -g -O2 -I/usr/local/include   -L/usr/local/lib conftest.c  >&5
/tmp/ccvN3vlS.o: In function `main':
/home/shinglee/Research/measurement/src/scamper-cvs-20111202c/conftest.c:97: undefined reference to `kqueue'
collect2: ld returned 1 exit status
configure:13612: $? = 1
configure: failed program was:
| /* confdefs.h */
| #define PACKAGE_NAME "scamper"
| #define PACKAGE_TARNAME "scamper"
| #define PACKAGE_VERSION "20111202c"
| #define PACKAGE_STRING "scamper 20111202c"
| #define PACKAGE_BUGREPORT "mjl@luckie.org.nz"
| #define PACKAGE_URL ""
| #define PACKAGE "scamper"
| #define VERSION "20111202c"
| #define STDC_HEADERS 1
| #define HAVE_SYS_TYPES_H 1
| #define HAVE_SYS_STAT_H 1
| #define HAVE_STDLIB_H 1
| #define HAVE_STRING_H 1
| #define HAVE_MEMORY_H 1
| #define HAVE_STRINGS_H 1
| #define HAVE_INTTYPES_H 1
| #define HAVE_STDINT_H 1
| #define HAVE_UNISTD_H 1
| #define HAVE_DLFCN_H 1
| #define LT_OBJDIR ".libs/"
| #define NDEBUG 1
| #define PRIVSEP_USER "nobody"
| #define PRIVSEP_DIR "/var/empty"
| #define PRIVSEP_DIR_USER "root"
| #define PRIVSEP_DIR_GROUP "wheel"
| #define STDC_HEADERS 1
| #define HAVE_SYS_WAIT_H 1
| #define TIME_WITH_SYS_TIME 1
| #define HAVE_ARPA_INET_H 1
| #define HAVE_FCNTL_H 1
| #define HAVE_LIMITS_H 1
| #define HAVE_NETDB_H 1
| #define HAVE_NETINET_IN_H 1
| #define HAVE_POLL_H 1
| #define HAVE_STDINT_H 1
| #define HAVE_STDLIB_H 1
| #define HAVE_STRING_H 1
| #define HAVE_SYS_EPOLL_H 1
| #define HAVE_SYS_IOCTL_H 1
| #define HAVE_SYS_PARAM_H 1
| #define HAVE_SYS_SOCKET_H 1
| #define HAVE_SYS_SYSCTL_H 1
| #define HAVE_SYS_TIME_H 1
| #define HAVE_UNISTD_H 1
| #define HAVE_IFADDRS_H 1
| #define HAVE_UNISTD_H 1
| #define HAVE_CHOWN 1
| #define HAVE_FORK 1
| #define HAVE_VFORK 1
| #define HAVE_WORKING_VFORK 1
| #define HAVE_WORKING_FORK 1
| #define HAVE_ATEXIT 1
| #define HAVE_DAEMON 1
| #define HAVE_ENDPWENT 1
| #define HAVE_EPOLL_WAIT 1
| #define HAVE_FTRUNCATE 1
| #define HAVE_GETDTABLESIZE 1
| #define HAVE_GETHOSTNAME 1
| #define HAVE_GETIFADDRS 1
| #define HAVE_GETTIMEOFDAY 1
| /* end confdefs.h.  */
| /* Define kqueue to an innocuous variant, in case <limits.h> declares kqueue.
|    For example, HP-UX 11i <limits.h> declares gettimeofday.  */
| #define kqueue innocuous_kqueue
| 
| /* System header to define __stub macros and hopefully few prototypes,
|     which can conflict with char kqueue (); below.
|     Prefer <limits.h> to <assert.h> if __STDC__ is defined, since
|     <limits.h> exists even on freestanding compilers.  */
| 
| #ifdef __STDC__
| # include <limits.h>
| #else
| # include <assert.h>
| #endif
| 
| #undef kqueue
| 
| /* Override any GCC internal prototype to avoid an error.
|    Use char because int might match the return type of a GCC
|    builtin and then its argument prototype would still apply.  */
| #ifdef __cplusplus
| extern "C"
| #endif
| char kqueue ();
| /* The GNU C library defines this for functions which it implements
|     to always fail with ENOSYS.  Some functions are actually named
|     something starting with __ and the normal name is an alias.  */
| #if defined __stub_kqueue || defined __stub___kqueue
| choke me
| #endif
| 
| int
| main ()
| {
| return kqueue ();
|   ;
|   return 0;
| }
configure:13612: result: no
configure:13623: checking for memmove
configure:13623: gcc -o conftest -g -O2 -I/usr/local/include   -L/usr/local/lib conftest.c  >&5
conftest.c:86:6: warning: conflicting types for built-in function 'memmove' [enabled by default]
configure:13623: $? = 0
configure:13623: result: yes
configure:13634: checking for memset
configure:13634: gcc -o conftest -g -O2 -I/usr/local/include   -L/usr/local/lib conftest.c  >&5
conftest.c:87:6: warning: conflicting types for built-in function 'memset' [enabled by default]
configure:13634: $? = 0
configure:13634: result: yes
configure:13645: checking for mkdir
configure:13645: gcc -o conftest -g -O2 -I/usr/local/include   -L/usr/local/lib conftest.c  >&5
configure:13645: $? = 0
configure:13645: result: yes
configure:13656: checking for poll
configure:13656: gcc -o conftest -g -O2 -I/usr/local/include   -L/usr/local/lib conftest.c  >&5
configure:13656: $? = 0
configure:13656: result: yes
configure:13667: checking for rmdir
configure:13667: gcc -o conftest -g -O2 -I/usr/local/include   -L/usr/local/lib conftest.c  >&5
configure:13667: $? = 0
configure:13667: result: yes
configure:13678: checking for select
configure:13678: gcc -o conftest -g -O2 -I/usr/local/include   -L/usr/local/lib conftest.c  >&5
configure:13678: $? = 0
configure:13678: result: yes
configure:13689: checking for socket
configure:13689: gcc -o conftest -g -O2 -I/usr/local/include   -L/usr/local/lib conftest.c  >&5
configure:13689: $? = 0
configure:13689: result: yes
configure:13700: checking for snprintf
configure:13700: gcc -o conftest -g -O2 -I/usr/local/include   -L/usr/local/lib conftest.c  >&5
conftest.c:93:6: warning: conflicting types for built-in function 'snprintf' [enabled by default]
configure:13700: $? = 0
configure:13700: result: yes
configure:13711: checking for setproctitle
configure:13711: gcc -o conftest -g -O2 -I/usr/local/include   -L/usr/local/lib conftest.c  >&5
/tmp/ccVCzFkn.o: In function `main':
/home/shinglee/Research/measurement/src/scamper-cvs-20111202c/conftest.c:105: undefined reference to `setproctitle'
collect2: ld returned 1 exit status
configure:13711: $? = 1
configure: failed program was:
| /* confdefs.h */
| #define PACKAGE_NAME "scamper"
| #define PACKAGE_TARNAME "scamper"
| #define PACKAGE_VERSION "20111202c"
| #define PACKAGE_STRING "scamper 20111202c"
| #define PACKAGE_BUGREPORT "mjl@luckie.org.nz"
| #define PACKAGE_URL ""
| #define PACKAGE "scamper"
| #define VERSION "20111202c"
| #define STDC_HEADERS 1
| #define HAVE_SYS_TYPES_H 1
| #define HAVE_SYS_STAT_H 1
| #define HAVE_STDLIB_H 1
| #define HAVE_STRING_H 1
| #define HAVE_MEMORY_H 1
| #define HAVE_STRINGS_H 1
| #define HAVE_INTTYPES_H 1
| #define HAVE_STDINT_H 1
| #define HAVE_UNISTD_H 1
| #define HAVE_DLFCN_H 1
| #define LT_OBJDIR ".libs/"
| #define NDEBUG 1
| #define PRIVSEP_USER "nobody"
| #define PRIVSEP_DIR "/var/empty"
| #define PRIVSEP_DIR_USER "root"
| #define PRIVSEP_DIR_GROUP "wheel"
| #define STDC_HEADERS 1
| #define HAVE_SYS_WAIT_H 1
| #define TIME_WITH_SYS_TIME 1
| #define HAVE_ARPA_INET_H 1
| #define HAVE_FCNTL_H 1
| #define HAVE_LIMITS_H 1
| #define HAVE_NETDB_H 1
| #define HAVE_NETINET_IN_H 1
| #define HAVE_POLL_H 1
| #define HAVE_STDINT_H 1
| #define HAVE_STDLIB_H 1
| #define HAVE_STRING_H 1
| #define HAVE_SYS_EPOLL_H 1
| #define HAVE_SYS_IOCTL_H 1
| #define HAVE_SYS_PARAM_H 1
| #define HAVE_SYS_SOCKET_H 1
| #define HAVE_SYS_SYSCTL_H 1
| #define HAVE_SYS_TIME_H 1
| #define HAVE_UNISTD_H 1
| #define HAVE_IFADDRS_H 1
| #define HAVE_UNISTD_H 1
| #define HAVE_CHOWN 1
| #define HAVE_FORK 1
| #define HAVE_VFORK 1
| #define HAVE_WORKING_VFORK 1
| #define HAVE_WORKING_FORK 1
| #define HAVE_ATEXIT 1
| #define HAVE_DAEMON 1
| #define HAVE_ENDPWENT 1
| #define HAVE_EPOLL_WAIT 1
| #define HAVE_FTRUNCATE 1
| #define HAVE_GETDTABLESIZE 1
| #define HAVE_GETHOSTNAME 1
| #define HAVE_GETIFADDRS 1
| #define HAVE_GETTIMEOFDAY 1
| #define HAVE_MEMMOVE 1
| #define HAVE_MEMSET 1
| #define HAVE_MKDIR 1
| #define HAVE_POLL 1
| #define HAVE_RMDIR 1
| #define HAVE_SELECT 1
| #define HAVE_SOCKET 1
| #define HAVE_SNPRINTF 1
| /* end confdefs.h.  */
| /* Define setproctitle to an innocuous variant, in case <limits.h> declares setproctitle.
|    For example, HP-UX 11i <limits.h> declares gettimeofday.  */
| #define setproctitle innocuous_setproctitle
| 
| /* System header to define __stub macros and hopefully few prototypes,
|     which can conflict with char setproctitle (); below.
|     Prefer <limits.h> to <assert.h> if __STDC__ is defined, since
|     <limits.h> exists even on freestanding compilers.  */
| 
| #ifdef __STDC__
| # include <limits.h>
| #else
| # include <assert.h>
| #endif
| 
| #undef setproctitle
| 
| /* Override any GCC internal prototype to avoid an error.
|    Use char because int might match the return type of a GCC
|    builtin and then its argument prototype would still apply.  */
| #ifdef __cplusplus
| extern "C"
| #endif
| char setproctitle ();
| /* The GNU C library defines this for functions which it implements
|     to always fail with ENOSYS.  Some functions are actually named
|     something starting with __ and the normal name is an alias.  */
| #if defined __stub_setproctitle || defined __stub___setproctitle
| choke me
| #endif
| 
| int
| main ()
| {
| return setproctitle ();
|   ;
|   return 0;
| }
configure:13711: result: no
configure:13722: checking for strcasecmp
configure:13722: gcc -o conftest -g -O2 -I/usr/local/include   -L/usr/local/lib conftest.c  >&5
conftest.c:94:6: warning: conflicting types for built-in function 'strcasecmp' [enabled by default]
configure:13722: $? = 0
configure:13722: result: yes
configure:13733: checking for strcasestr
configure:13733: gcc -o conftest -g -O2 -I/usr/local/include   -L/usr/local/lib conftest.c  >&5
configure:13733: $? = 0
configure:13733: result: yes
configure:13744: checking for strdup
configure:13744: gcc -o conftest -g -O2 -I/usr/local/include   -L/usr/local/lib conftest.c  >&5
conftest.c:96:6: warning: conflicting types for built-in function 'strdup' [enabled by default]
configure:13744: $? = 0
configure:13744: result: yes
configure:13755: checking for strerror
configure:13755: gcc -o conftest -g -O2 -I/usr/local/include   -L/usr/local/lib conftest.c  >&5
configure:13755: $? = 0
configure:13755: result: yes
configure:13766: checking for strncasecmp
configure:13766: gcc -o conftest -g -O2 -I/usr/local/include   -L/usr/local/lib conftest.c  >&5
conftest.c:98:6: warning: conflicting types for built-in function 'strncasecmp' [enabled by default]
configure:13766: $? = 0
configure:13766: result: yes
configure:13777: checking for strtol
configure:13777: gcc -o conftest -g -O2 -I/usr/local/include   -L/usr/local/lib conftest.c  >&5
configure:13777: $? = 0
configure:13777: result: yes
configure:13788: checking for uname
configure:13788: gcc -o conftest -g -O2 -I/usr/local/include   -L/usr/local/lib conftest.c  >&5
configure:13788: $? = 0
configure:13788: result: yes
configure:13798: checking for struct sockaddr.sa_len
configure:13798: gcc -c -g -O2 -I/usr/local/include  conftest.c >&5
conftest.c: In function 'main':
conftest.c:85:12: error: 'struct sockaddr' has no member named 'sa_len'
configure:13798: $? = 1
configure: failed program was:
| /* confdefs.h */
| #define PACKAGE_NAME "scamper"
| #define PACKAGE_TARNAME "scamper"
| #define PACKAGE_VERSION "20111202c"
| #define PACKAGE_STRING "scamper 20111202c"
| #define PACKAGE_BUGREPORT "mjl@luckie.org.nz"
| #define PACKAGE_URL ""
| #define PACKAGE "scamper"
| #define VERSION "20111202c"
| #define STDC_HEADERS 1
| #define HAVE_SYS_TYPES_H 1
| #define HAVE_SYS_STAT_H 1
| #define HAVE_STDLIB_H 1
| #define HAVE_STRING_H 1
| #define HAVE_MEMORY_H 1
| #define HAVE_STRINGS_H 1
| #define HAVE_INTTYPES_H 1
| #define HAVE_STDINT_H 1
| #define HAVE_UNISTD_H 1
| #define HAVE_DLFCN_H 1
| #define LT_OBJDIR ".libs/"
| #define NDEBUG 1
| #define PRIVSEP_USER "nobody"
| #define PRIVSEP_DIR "/var/empty"
| #define PRIVSEP_DIR_USER "root"
| #define PRIVSEP_DIR_GROUP "wheel"
| #define STDC_HEADERS 1
| #define HAVE_SYS_WAIT_H 1
| #define TIME_WITH_SYS_TIME 1
| #define HAVE_ARPA_INET_H 1
| #define HAVE_FCNTL_H 1
| #define HAVE_LIMITS_H 1
| #define HAVE_NETDB_H 1
| #define HAVE_NETINET_IN_H 1
| #define HAVE_POLL_H 1
| #define HAVE_STDINT_H 1
| #define HAVE_STDLIB_H 1
| #define HAVE_STRING_H 1
| #define HAVE_SYS_EPOLL_H 1
| #define HAVE_SYS_IOCTL_H 1
| #define HAVE_SYS_PARAM_H 1
| #define HAVE_SYS_SOCKET_H 1
| #define HAVE_SYS_SYSCTL_H 1
| #define HAVE_SYS_TIME_H 1
| #define HAVE_UNISTD_H 1
| #define HAVE_IFADDRS_H 1
| #define HAVE_UNISTD_H 1
| #define HAVE_CHOWN 1
| #define HAVE_FORK 1
| #define HAVE_VFORK 1
| #define HAVE_WORKING_VFORK 1
| #define HAVE_WORKING_FORK 1
| #define HAVE_ATEXIT 1
| #define HAVE_DAEMON 1
| #define HAVE_ENDPWENT 1
| #define HAVE_EPOLL_WAIT 1
| #define HAVE_FTRUNCATE 1
| #define HAVE_GETDTABLESIZE 1
| #define HAVE_GETHOSTNAME 1
| #define HAVE_GETIFADDRS 1
| #define HAVE_GETTIMEOFDAY 1
| #define HAVE_MEMMOVE 1
| #define HAVE_MEMSET 1
| #define HAVE_MKDIR 1
| #define HAVE_POLL 1
| #define HAVE_RMDIR 1
| #define HAVE_SELECT 1
| #define HAVE_SOCKET 1
| #define HAVE_SNPRINTF 1
| #define HAVE_STRCASECMP 1
| #define HAVE_STRCASESTR 1
| #define HAVE_STRDUP 1
| #define HAVE_STRERROR 1
| #define HAVE_STRNCASECMP 1
| #define HAVE_STRTOL 1
| #define HAVE_UNAME 1
| /* end confdefs.h.  */
| #include <sys/types.h>
| 	 #include <sys/socket.h>
| 
| int
| main ()
| {
| static struct sockaddr ac_aggr;
| if (ac_aggr.sa_len)
| return 0;
|   ;
|   return 0;
| }
configure:13798: gcc -c -g -O2 -I/usr/local/include  conftest.c >&5
conftest.c: In function 'main':
conftest.c:85:19: error: 'struct sockaddr' has no member named 'sa_len'
configure:13798: $? = 1
configure: failed program was:
| /* confdefs.h */
| #define PACKAGE_NAME "scamper"
| #define PACKAGE_TARNAME "scamper"
| #define PACKAGE_VERSION "20111202c"
| #define PACKAGE_STRING "scamper 20111202c"
| #define PACKAGE_BUGREPORT "mjl@luckie.org.nz"
| #define PACKAGE_URL ""
| #define PACKAGE "scamper"
| #define VERSION "20111202c"
| #define STDC_HEADERS 1
| #define HAVE_SYS_TYPES_H 1
| #define HAVE_SYS_STAT_H 1
| #define HAVE_STDLIB_H 1
| #define HAVE_STRING_H 1
| #define HAVE_MEMORY_H 1
| #define HAVE_STRINGS_H 1
| #define HAVE_INTTYPES_H 1
| #define HAVE_STDINT_H 1
| #define HAVE_UNISTD_H 1
| #define HAVE_DLFCN_H 1
| #define LT_OBJDIR ".libs/"
| #define NDEBUG 1
| #define PRIVSEP_USER "nobody"
| #define PRIVSEP_DIR "/var/empty"
| #define PRIVSEP_DIR_USER "root"
| #define PRIVSEP_DIR_GROUP "wheel"
| #define STDC_HEADERS 1
| #define HAVE_SYS_WAIT_H 1
| #define TIME_WITH_SYS_TIME 1
| #define HAVE_ARPA_INET_H 1
| #define HAVE_FCNTL_H 1
| #define HAVE_LIMITS_H 1
| #define HAVE_NETDB_H 1
| #define HAVE_NETINET_IN_H 1
| #define HAVE_POLL_H 1
| #define HAVE_STDINT_H 1
| #define HAVE_STDLIB_H 1
| #define HAVE_STRING_H 1
| #define HAVE_SYS_EPOLL_H 1
| #define HAVE_SYS_IOCTL_H 1
| #define HAVE_SYS_PARAM_H 1
| #define HAVE_SYS_SOCKET_H 1
| #define HAVE_SYS_SYSCTL_H 1
| #define HAVE_SYS_TIME_H 1
| #define HAVE_UNISTD_H 1
| #define HAVE_IFADDRS_H 1
| #define HAVE_UNISTD_H 1
| #define HAVE_CHOWN 1
| #define HAVE_FORK 1
| #define HAVE_VFORK 1
| #define HAVE_WORKING_VFORK 1
| #define HAVE_WORKING_FORK 1
| #define HAVE_ATEXIT 1
| #define HAVE_DAEMON 1
| #define HAVE_ENDPWENT 1
| #define HAVE_EPOLL_WAIT 1
| #define HAVE_FTRUNCATE 1
| #define HAVE_GETDTABLESIZE 1
| #define HAVE_GETHOSTNAME 1
| #define HAVE_GETIFADDRS 1
| #define HAVE_GETTIMEOFDAY 1
| #define HAVE_MEMMOVE 1
| #define HAVE_MEMSET 1
| #define HAVE_MKDIR 1
| #define HAVE_POLL 1
| #define HAVE_RMDIR 1
| #define HAVE_SELECT 1
| #define HAVE_SOCKET 1
| #define HAVE_SNPRINTF 1
| #define HAVE_STRCASECMP 1
| #define HAVE_STRCASESTR 1
| #define HAVE_STRDUP 1
| #define HAVE_STRERROR 1
| #define HAVE_STRNCASECMP 1
| #define HAVE_STRTOL 1
| #define HAVE_UNAME 1
| /* end confdefs.h.  */
| #include <sys/types.h>
| 	 #include <sys/socket.h>
| 
| int
| main ()
| {
| static struct sockaddr ac_aggr;
| if (sizeof ac_aggr.sa_len)
| return 0;
|   ;
|   return 0;
| }
configure:13798: result: no
configure:13811: checking for struct ip6_ext
configure:13824: gcc -c -g -O2 -I/usr/local/include  conftest.c >&5
In file included from /usr/include/i386-linux-gnu/sys/socket.h:40:0,
                 from /usr/include/netinet/in.h:25,
                 from conftest.c:82:
/usr/include/i386-linux-gnu/bits/socket.h: In function 'main':
/usr/include/i386-linux-gnu/bits/socket.h:315:1: error: nested function '__cmsg_nxthdr' declared 'extern'
/usr/include/i386-linux-gnu/bits/socket.h:315:1: error: static declaration of '__cmsg_nxthdr' follows non-static declaration
/usr/include/i386-linux-gnu/bits/socket.h:308:24: note: previous declaration of '__cmsg_nxthdr' was here
In file included from /usr/include/i386-linux-gnu/sys/socket.h:251:0,
                 from /usr/include/netinet/in.h:25,
                 from conftest.c:82:
/usr/include/i386-linux-gnu/bits/socket2.h:35:1: error: nested function 'recv' declared 'extern'
/usr/include/i386-linux-gnu/bits/socket2.h:35:1: error: static declaration of 'recv' follows non-static declaration
/usr/include/i386-linux-gnu/sys/socket.h:148:16: note: previous declaration of 'recv' was here
/usr/include/i386-linux-gnu/bits/socket2.h:65:1: error: nested function 'recvfrom' declared 'extern'
/usr/include/i386-linux-gnu/bits/socket2.h:65:1: error: static declaration of 'recvfrom' follows non-static declaration
/usr/include/i386-linux-gnu/sys/socket.h:166:16: note: previous declaration of 'recvfrom' was here
configure:13824: $? = 1
configure: failed program was:
| /* confdefs.h */
| #define PACKAGE_NAME "scamper"
| #define PACKAGE_TARNAME "scamper"
| #define PACKAGE_VERSION "20111202c"
| #define PACKAGE_STRING "scamper 20111202c"
| #define PACKAGE_BUGREPORT "mjl@luckie.org.nz"
| #define PACKAGE_URL ""
| #define PACKAGE "scamper"
| #define VERSION "20111202c"
| #define STDC_HEADERS 1
| #define HAVE_SYS_TYPES_H 1
| #define HAVE_SYS_STAT_H 1
| #define HAVE_STDLIB_H 1
| #define HAVE_STRING_H 1
| #define HAVE_MEMORY_H 1
| #define HAVE_STRINGS_H 1
| #define HAVE_INTTYPES_H 1
| #define HAVE_STDINT_H 1
| #define HAVE_UNISTD_H 1
| #define HAVE_DLFCN_H 1
| #define LT_OBJDIR ".libs/"
| #define NDEBUG 1
| #define PRIVSEP_USER "nobody"
| #define PRIVSEP_DIR "/var/empty"
| #define PRIVSEP_DIR_USER "root"
| #define PRIVSEP_DIR_GROUP "wheel"
| #define STDC_HEADERS 1
| #define HAVE_SYS_WAIT_H 1
| #define TIME_WITH_SYS_TIME 1
| #define HAVE_ARPA_INET_H 1
| #define HAVE_FCNTL_H 1
| #define HAVE_LIMITS_H 1
| #define HAVE_NETDB_H 1
| #define HAVE_NETINET_IN_H 1
| #define HAVE_POLL_H 1
| #define HAVE_STDINT_H 1
| #define HAVE_STDLIB_H 1
| #define HAVE_STRING_H 1
| #define HAVE_SYS_EPOLL_H 1
| #define HAVE_SYS_IOCTL_H 1
| #define HAVE_SYS_PARAM_H 1
| #define HAVE_SYS_SOCKET_H 1
| #define HAVE_SYS_SYSCTL_H 1
| #define HAVE_SYS_TIME_H 1
| #define HAVE_UNISTD_H 1
| #define HAVE_IFADDRS_H 1
| #define HAVE_UNISTD_H 1
| #define HAVE_CHOWN 1
| #define HAVE_FORK 1
| #define HAVE_VFORK 1
| #define HAVE_WORKING_VFORK 1
| #define HAVE_WORKING_FORK 1
| #define HAVE_ATEXIT 1
| #define HAVE_DAEMON 1
| #define HAVE_ENDPWENT 1
| #define HAVE_EPOLL_WAIT 1
| #define HAVE_FTRUNCATE 1
| #define HAVE_GETDTABLESIZE 1
| #define HAVE_GETHOSTNAME 1
| #define HAVE_GETIFADDRS 1
| #define HAVE_GETTIMEOFDAY 1
| #define HAVE_MEMMOVE 1
| #define HAVE_MEMSET 1
| #define HAVE_MKDIR 1
| #define HAVE_POLL 1
| #define HAVE_RMDIR 1
| #define HAVE_SELECT 1
| #define HAVE_SOCKET 1
| #define HAVE_SNPRINTF 1
| #define HAVE_STRCASECMP 1
| #define HAVE_STRCASESTR 1
| #define HAVE_STRDUP 1
| #define HAVE_STRERROR 1
| #define HAVE_STRNCASECMP 1
| #define HAVE_STRTOL 1
| #define HAVE_UNAME 1
| /* end confdefs.h.  */
| #include <sys/types.h>
| int
| main ()
| {
| #include <netinet/in.h>
|   ;
|   return 0;
| }
configure:13836: result: no
configure:13845: checking for library containing getaddrinfo
configure:13876: gcc -o conftest -g -O2 -I/usr/local/include   -L/usr/local/lib conftest.c  >&5
configure:13876: $? = 0
configure:13893: result: none required
configure:13901: checking for library containing inet_ntop
configure:13932: gcc -o conftest -g -O2 -I/usr/local/include   -L/usr/local/lib conftest.c  >&5
configure:13932: $? = 0
configure:13949: result: none required
configure:13959: checking for library containing sqrt
configure:13990: gcc -o conftest -g -O2 -I/usr/local/include   -L/usr/local/lib conftest.c  >&5
conftest.c:85:6: warning: conflicting types for built-in function 'sqrt' [enabled by default]
/tmp/cccNSoSP.o: In function `main':
/home/shinglee/Research/measurement/src/scamper-cvs-20111202c/conftest.c:89: undefined reference to `sqrt'
collect2: ld returned 1 exit status
configure:13990: $? = 1
configure: failed program was:
| /* confdefs.h */
| #define PACKAGE_NAME "scamper"
| #define PACKAGE_TARNAME "scamper"
| #define PACKAGE_VERSION "20111202c"
| #define PACKAGE_STRING "scamper 20111202c"
| #define PACKAGE_BUGREPORT "mjl@luckie.org.nz"
| #define PACKAGE_URL ""
| #define PACKAGE "scamper"
| #define VERSION "20111202c"
| #define STDC_HEADERS 1
| #define HAVE_SYS_TYPES_H 1
| #define HAVE_SYS_STAT_H 1
| #define HAVE_STDLIB_H 1
| #define HAVE_STRING_H 1
| #define HAVE_MEMORY_H 1
| #define HAVE_STRINGS_H 1
| #define HAVE_INTTYPES_H 1
| #define HAVE_STDINT_H 1
| #define HAVE_UNISTD_H 1
| #define HAVE_DLFCN_H 1
| #define LT_OBJDIR ".libs/"
| #define NDEBUG 1
| #define PRIVSEP_USER "nobody"
| #define PRIVSEP_DIR "/var/empty"
| #define PRIVSEP_DIR_USER "root"
| #define PRIVSEP_DIR_GROUP "wheel"
| #define STDC_HEADERS 1
| #define HAVE_SYS_WAIT_H 1
| #define TIME_WITH_SYS_TIME 1
| #define HAVE_ARPA_INET_H 1
| #define HAVE_FCNTL_H 1
| #define HAVE_LIMITS_H 1
| #define HAVE_NETDB_H 1
| #define HAVE_NETINET_IN_H 1
| #define HAVE_POLL_H 1
| #define HAVE_STDINT_H 1
| #define HAVE_STDLIB_H 1
| #define HAVE_STRING_H 1
| #define HAVE_SYS_EPOLL_H 1
| #define HAVE_SYS_IOCTL_H 1
| #define HAVE_SYS_PARAM_H 1
| #define HAVE_SYS_SOCKET_H 1
| #define HAVE_SYS_SYSCTL_H 1
| #define HAVE_SYS_TIME_H 1
| #define HAVE_UNISTD_H 1
| #define HAVE_IFADDRS_H 1
| #define HAVE_UNISTD_H 1
| #define HAVE_CHOWN 1
| #define HAVE_FORK 1
| #define HAVE_VFORK 1
| #define HAVE_WORKING_VFORK 1
| #define HAVE_WORKING_FORK 1
| #define HAVE_ATEXIT 1
| #define HAVE_DAEMON 1
| #define HAVE_ENDPWENT 1
| #define HAVE_EPOLL_WAIT 1
| #define HAVE_FTRUNCATE 1
| #define HAVE_GETDTABLESIZE 1
| #define HAVE_GETHOSTNAME 1
| #define HAVE_GETIFADDRS 1
| #define HAVE_GETTIMEOFDAY 1
| #define HAVE_MEMMOVE 1
| #define HAVE_MEMSET 1
| #define HAVE_MKDIR 1
| #define HAVE_POLL 1
| #define HAVE_RMDIR 1
| #define HAVE_SELECT 1
| #define HAVE_SOCKET 1
| #define HAVE_SNPRINTF 1
| #define HAVE_STRCASECMP 1
| #define HAVE_STRCASESTR 1
| #define HAVE_STRDUP 1
| #define HAVE_STRERROR 1
| #define HAVE_STRNCASECMP 1
| #define HAVE_STRTOL 1
| #define HAVE_UNAME 1
| /* end confdefs.h.  */
| 
| /* Override any GCC internal prototype to avoid an error.
|    Use char because int might match the return type of a GCC
|    builtin and then its argument prototype would still apply.  */
| #ifdef __cplusplus
| extern "C"
| #endif
| char sqrt ();
| int
| main ()
| {
| return sqrt ();
|   ;
|   return 0;
| }
configure:13990: gcc -o conftest -g -O2 -I/usr/local/include   -L/usr/local/lib conftest.c -lm   >&5
conftest.c:85:6: warning: conflicting types for built-in function 'sqrt' [enabled by default]
configure:13990: $? = 0
configure:14007: result: -lm
configure:14127: checking that generated files are newer than configure
configure:14133: result: done
configure:14160: creating ./config.status

## ---------------------- ##
## Running config.status. ##
## ---------------------- ##

This file was extended by scamper config.status 20111202c, which was
generated by GNU Autoconf 2.69.  Invocation command line was

  CONFIG_FILES    = 
  CONFIG_HEADERS  = 
  CONFIG_LINKS    = 
  CONFIG_COMMANDS = 
  $ ./config.status 

on cognac

config.status:1146: creating Makefile
config.status:1146: creating scamper/Makefile
config.status:1146: creating utils/Makefile
config.status:1146: creating utils/sc_ally/Makefile
config.status:1146: creating utils/sc_analysis_dump/Makefile
config.status:1146: creating utils/sc_attach/Makefile
config.status:1146: creating utils/sc_tracediff/Makefile
config.status:1146: creating utils/sc_warts2pcap/Makefile
config.status:1146: creating utils/sc_warts2text/Makefile
config.status:1146: creating utils/sc_wartscat/Makefile
config.status:1146: creating utils/sc_wartsdump/Makefile
config.status:1146: creating utils/sc_wartsfix/Makefile
config.status:1146: creating config.h
config.status:1375: executing depfiles commands
config.status:1375: executing libtool commands

## ---------------- ##
## Cache variables. ##
## ---------------- ##

ac_cv_build=i686-pc-linux-gnu
ac_cv_c_compiler_gnu=yes
ac_cv_c_const=yes
ac_cv_c_int16_t=yes
ac_cv_c_int32_t=yes
ac_cv_c_uint16_t=yes
ac_cv_c_uint32_t=yes
ac_cv_c_uint64_t=yes
ac_cv_c_uint8_t=yes
ac_cv_env_CC_set=
ac_cv_env_CC_value=
ac_cv_env_CFLAGS_set=
ac_cv_env_CFLAGS_value=
ac_cv_env_CPPFLAGS_set=
ac_cv_env_CPPFLAGS_value=
ac_cv_env_CPP_set=
ac_cv_env_CPP_value=
ac_cv_env_LDFLAGS_set=
ac_cv_env_LDFLAGS_value=
ac_cv_env_LIBS_set=
ac_cv_env_LIBS_value=
ac_cv_env_build_alias_set=
ac_cv_env_build_alias_value=
ac_cv_env_host_alias_set=
ac_cv_env_host_alias_value=
ac_cv_env_target_alias_set=
ac_cv_env_target_alias_value=
ac_cv_func_atexit=yes
ac_cv_func_chown_works=yes
ac_cv_func_daemon=yes
ac_cv_func_endpwent=yes
ac_cv_func_epoll_wait=yes
ac_cv_func_fork=yes
ac_cv_func_fork_works=yes
ac_cv_func_ftruncate=yes
ac_cv_func_getdtablesize=yes
ac_cv_func_gethostname=yes
ac_cv_func_getifaddrs=yes
ac_cv_func_gettimeofday=yes
ac_cv_func_kqueue=no
ac_cv_func_memmove=yes
ac_cv_func_memset=yes
ac_cv_func_mkdir=yes
ac_cv_func_poll=yes
ac_cv_func_rmdir=yes
ac_cv_func_select=yes
ac_cv_func_setproctitle=no
ac_cv_func_snprintf=yes
ac_cv_func_socket=yes
ac_cv_func_strcasecmp=yes
ac_cv_func_strcasestr=yes
ac_cv_func_strdup=yes
ac_cv_func_strerror=yes
ac_cv_func_strncasecmp=yes
ac_cv_func_strtol=yes
ac_cv_func_uname=yes
ac_cv_func_vfork=yes
ac_cv_func_vfork_works=yes
ac_cv_header_arpa_inet_h=yes
ac_cv_header_dlfcn_h=yes
ac_cv_header_fcntl_h=yes
ac_cv_header_ifaddrs_h=yes
ac_cv_header_inttypes_h=yes
ac_cv_header_limits_h=yes
ac_cv_header_memory_h=yes
ac_cv_header_net_if_dl_h=no
ac_cv_header_net_if_types_h=no
ac_cv_header_netdb_h=yes
ac_cv_header_netinet_in_h=yes
ac_cv_header_poll_h=yes
ac_cv_header_stdc=yes
ac_cv_header_stdint_h=yes
ac_cv_header_stdlib_h=yes
ac_cv_header_string_h=yes
ac_cv_header_strings_h=yes
ac_cv_header_sys_epoll_h=yes
ac_cv_header_sys_event_h=no
ac_cv_header_sys_ioctl_h=yes
ac_cv_header_sys_param_h=yes
ac_cv_header_sys_socket_h=yes
ac_cv_header_sys_stat_h=yes
ac_cv_header_sys_sysctl_h=yes
ac_cv_header_sys_time_h=yes
ac_cv_header_sys_types_h=yes
ac_cv_header_sys_wait_h=yes
ac_cv_header_time=yes
ac_cv_header_unistd_h=yes
ac_cv_header_vfork_h=no
ac_cv_host=i686-pc-linux-gnu
ac_cv_lib_iphlpapi_GetIpNetTable=no
ac_cv_lib_ws2_32_WSAStartup=no
ac_cv_member_struct_sockaddr_sa_len=no
ac_cv_objext=o
ac_cv_path_EGREP='/bin/grep -E'
ac_cv_path_FGREP='/bin/grep -F'
ac_cv_path_GREP=/bin/grep
ac_cv_path_SED=/bin/sed
ac_cv_path_install='/usr/bin/install -c'
ac_cv_path_mkdir=/bin/mkdir
ac_cv_prog_AWK=mawk
ac_cv_prog_CPP='gcc -E'
ac_cv_prog_ac_ct_AR=ar
ac_cv_prog_ac_ct_CC=gcc
ac_cv_prog_ac_ct_MANIFEST_TOOL=mt
ac_cv_prog_ac_ct_OBJDUMP=objdump
ac_cv_prog_ac_ct_RANLIB=ranlib
ac_cv_prog_ac_ct_STRIP=strip
ac_cv_prog_cc_c89=
ac_cv_prog_cc_g=yes
ac_cv_prog_gcc_traditional=no
ac_cv_prog_make_make_set=yes
ac_cv_search_getaddrinfo='none required'
ac_cv_search_inet_ntop='none required'
ac_cv_search_sqrt=-lm
ac_cv_struct_tm=time.h
ac_cv_type_mode_t=yes
ac_cv_type_off_t=yes
ac_cv_type_pid_t=yes
ac_cv_type_size_t=yes
ac_cv_type_ssize_t=yes
ac_cv_type_uid_t=yes
am_cv_CC_dependencies_compiler_type=gcc3
lt_cv_ar_at_file=@
lt_cv_archive_cmds_need_lc=no
lt_cv_deplibs_check_method=pass_all
lt_cv_file_magic_cmd='$MAGIC_CMD'
lt_cv_file_magic_test_file=
lt_cv_ld_reload_flag=-r
lt_cv_nm_interface='BSD nm'
lt_cv_objdir=.libs
lt_cv_path_LD=/usr/bin/ld
lt_cv_path_NM='/usr/bin/nm -B'
lt_cv_path_mainfest_tool=no
lt_cv_prog_compiler_c_o=yes
lt_cv_prog_compiler_pic='-fPIC -DPIC'
lt_cv_prog_compiler_pic_works=yes
lt_cv_prog_compiler_rtti_exceptions=no
lt_cv_prog_compiler_static_works=yes
lt_cv_prog_gnu_ld=yes
lt_cv_sharedlib_from_linklib_cmd='printf %s\n'
lt_cv_shlibpath_overrides_runpath=no
lt_cv_sys_global_symbol_pipe='sed -n -e '\''s/^.*[	 ]\([ABCDGIRSTW][ABCDGIRSTW]*\)[	 ][	 ]*\([_A-Za-z][_A-Za-z0-9]*\)$/\1 \2 \2/p'\'' | sed '\''/ __gnu_lto/d'\'''
lt_cv_sys_global_symbol_to_c_name_address='sed -n -e '\''s/^: \([^ ]*\)[ ]*$/  {\"\1\", (void *) 0},/p'\'' -e '\''s/^[ABCDGIRSTW]* \([^ ]*\) \([^ ]*\)$/  {"\2", (void *) \&\2},/p'\'''
lt_cv_sys_global_symbol_to_c_name_address_lib_prefix='sed -n -e '\''s/^: \([^ ]*\)[ ]*$/  {\"\1\", (void *) 0},/p'\'' -e '\''s/^[ABCDGIRSTW]* \([^ ]*\) \(lib[^ ]*\)$/  {"\2", (void *) \&\2},/p'\'' -e '\''s/^[ABCDGIRSTW]* \([^ ]*\) \([^ ]*\)$/  {"lib\2", (void *) \&\2},/p'\'''
lt_cv_sys_global_symbol_to_cdecl='sed -n -e '\''s/^T .* \(.*\)$/extern int \1();/p'\'' -e '\''s/^[ABCDGIRSTW]* .* \(.*\)$/extern char \1;/p'\'''
lt_cv_sys_max_cmd_len=1572864
lt_cv_to_host_file_cmd=func_convert_file_noop
lt_cv_to_tool_file_cmd=func_convert_file_noop

## ----------------- ##
## Output variables. ##
## ----------------- ##

ACLOCAL='${SHELL} /home/shinglee/Research/measurement/src/scamper-cvs-20111202c/missing --run aclocal-1.12'
AMDEPBACKSLASH='\'
AMDEP_FALSE='#'
AMDEP_TRUE=''
AMTAR='$${TAR-tar}'
AR='ar'
AUTOCONF='${SHELL} /home/shinglee/Research/measurement/src/scamper-cvs-20111202c/missing --run autoconf'
AUTOHEADER='${SHELL} /home/shinglee/Research/measurement/src/scamper-cvs-20111202c/missing --run autoheader'
AUTOMAKE='${SHELL} /home/shinglee/Research/measurement/src/scamper-cvs-20111202c/missing --run automake-1.12'
AWK='mawk'
CC='gcc'
CCDEPMODE='depmode=gcc3'
CFLAGS='-g -O2 -I/usr/local/include'
CPP='gcc -E'
CPPFLAGS=''
CYGPATH_W='echo'
DEFS='-DHAVE_CONFIG_H'
DEPDIR='.deps'
DLLTOOL='false'
DSYMUTIL=''
DUMPBIN=''
ECHO_C=''
ECHO_N='-n'
ECHO_T=''
EGREP='/bin/grep -E'
EXEEXT=''
FGREP='/bin/grep -F'
GREP='/bin/grep'
INSTALL_DATA='${INSTALL} -m 644'
INSTALL_PROGRAM='${INSTALL}'
INSTALL_SCRIPT='${INSTALL}'
INSTALL_STRIP_PROGRAM='$(install_sh) -c -s'
LD='/usr/bin/ld'
LDFLAGS=' -L/usr/local/lib'
LIBOBJS=''
LIBS='-lm '
LIBTOOL='$(SHELL) $(top_builddir)/libtool'
LIPO=''
LN_S='ln -s'
LTLIBOBJS=''
MAKEINFO='${SHELL} /home/shinglee/Research/measurement/src/scamper-cvs-20111202c/missing --run makeinfo'
MANIFEST_TOOL=':'
MKDIR_P='/bin/mkdir -p'
NM='/usr/bin/nm -B'
NMEDIT=''
OBJDUMP='objdump'
OBJEXT='o'
OTOOL64=''
OTOOL=''
PACKAGE='scamper'
PACKAGE_BUGREPORT='mjl@luckie.org.nz'
PACKAGE_NAME='scamper'
PACKAGE_STRING='scamper 20111202c'
PACKAGE_TARNAME='scamper'
PACKAGE_URL=''
PACKAGE_VERSION='20111202c'
PATH_SEPARATOR=':'
RANLIB='ranlib'
SED='/bin/sed'
SET_MAKE=''
SHELL='/bin/bash'
STRIP='strip'
VERSION='20111202c'
ac_ct_AR='ar'
ac_ct_CC='gcc'
ac_ct_DUMPBIN=''
am__EXEEXT_FALSE=''
am__EXEEXT_TRUE='#'
am__fastdepCC_FALSE='#'
am__fastdepCC_TRUE=''
am__include='include'
am__isrc=''
am__leading_dot='.'
am__nodep='_no'
am__quote=''
am__tar='$${TAR-tar} chof - "$$tardir"'
am__untar='$${TAR-tar} xf -'
bindir='${exec_prefix}/bin'
build='i686-pc-linux-gnu'
build_alias=''
build_cpu='i686'
build_os='linux-gnu'
build_vendor='pc'
datadir='${datarootdir}'
datarootdir='${prefix}/share'
docdir='${datarootdir}/doc/${PACKAGE_TARNAME}'
dvidir='${docdir}'
exec_prefix='${prefix}'
host='i686-pc-linux-gnu'
host_alias=''
host_cpu='i686'
host_os='linux-gnu'
host_vendor='pc'
htmldir='${docdir}'
includedir='${prefix}/include'
infodir='${datarootdir}/info'
install_sh='${SHELL} /home/shinglee/Research/measurement/src/scamper-cvs-20111202c/install-sh'
libdir='${exec_prefix}/lib'
libexecdir='${exec_prefix}/libexec'
localedir='${datarootdir}/locale'
localstatedir='${prefix}/var'
mandir='${datarootdir}/man'
mkdir_p='/bin/mkdir -p'
oldincludedir='/usr/include'
pdfdir='${docdir}'
prefix='/usr/local'
privsep_dir='/var/empty'
privsep_dir_group='wheel'
privsep_dir_user='root'
privsep_user='nobody'
program_transform_name='s,x,x,'
psdir='${docdir}'
sbindir='${exec_prefix}/sbin'
sharedstatedir='${prefix}/com'
sysconfdir='${prefix}/etc'
target_alias=''

## ----------- ##
## confdefs.h. ##
## ----------- ##

/* confdefs.h */
#define PACKAGE_NAME "scamper"
#define PACKAGE_TARNAME "scamper"
#define PACKAGE_VERSION "20111202c"
#define PACKAGE_STRING "scamper 20111202c"
#define PACKAGE_BUGREPORT "mjl@luckie.org.nz"
#define PACKAGE_URL ""
#define PACKAGE "scamper"
#define VERSION "20111202c"
#define STDC_HEADERS 1
#define HAVE_SYS_TYPES_H 1
#define HAVE_SYS_STAT_H 1
#define HAVE_STDLIB_H 1
#define HAVE_STRING_H 1
#define HAVE_MEMORY_H 1
#define HAVE_STRINGS_H 1
#define HAVE_INTTYPES_H 1
#define HAVE_STDINT_H 1
#define HAVE_UNISTD_H 1
#define HAVE_DLFCN_H 1
#define LT_OBJDIR ".libs/"
#define NDEBUG 1
#define PRIVSEP_USER "nobody"
#define PRIVSEP_DIR "/var/empty"
#define PRIVSEP_DIR_USER "root"
#define PRIVSEP_DIR_GROUP "wheel"
#define STDC_HEADERS 1
#define HAVE_SYS_WAIT_H 1
#define TIME_WITH_SYS_TIME 1
#define HAVE_ARPA_INET_H 1
#define HAVE_FCNTL_H 1
#define HAVE_LIMITS_H 1
#define HAVE_NETDB_H 1
#define HAVE_NETINET_IN_H 1
#define HAVE_POLL_H 1
#define HAVE_STDINT_H 1
#define HAVE_STDLIB_H 1
#define HAVE_STRING_H 1
#define HAVE_SYS_EPOLL_H 1
#define HAVE_SYS_IOCTL_H 1
#define HAVE_SYS_PARAM_H 1
#define HAVE_SYS_SOCKET_H 1
#define HAVE_SYS_SYSCTL_H 1
#define HAVE_SYS_TIME_H 1
#define HAVE_UNISTD_H 1
#define HAVE_IFADDRS_H 1
#define HAVE_UNISTD_H 1
#define HAVE_CHOWN 1
#define HAVE_FORK 1
#define HAVE_VFORK 1
#define HAVE_WORKING_VFORK 1
#define HAVE_WORKING_FORK 1
#define HAVE_ATEXIT 1
#define HAVE_DAEMON 1
#define HAVE_ENDPWENT 1
#define HAVE_EPOLL_WAIT 1
#define HAVE_FTRUNCATE 1
#define HAVE_GETDTABLESIZE 1
#define HAVE_GETHOSTNAME 1
#define HAVE_GETIFADDRS 1
#define HAVE_GETTIMEOFDAY 1
#define HAVE_MEMMOVE 1
#define HAVE_MEMSET 1
#define HAVE_MKDIR 1
#define HAVE_POLL 1
#define HAVE_RMDIR 1
#define HAVE_SELECT 1
#define HAVE_SOCKET 1
#define HAVE_SNPRINTF 1
#define HAVE_STRCASECMP 1
#define HAVE_STRCASESTR 1
#define HAVE_STRDUP 1
#define HAVE_STRERROR 1
#define HAVE_STRNCASECMP 1
#define HAVE_STRTOL 1
#define HAVE_UNAME 1

configure: exit 0
